[2018-09-18 14:26:50]采集成功-站点[郑州]天气预报！
[2018-09-18 14:26:51]采集成功-站点[荥阳]天气预报！
[2018-09-18 14:26:54]采集成功-站点[登封]天气预报！
[2018-09-18 14:26:55]采集成功-站点[新密]天气预报！
[2018-09-18 14:26:55]采集成功-站点[新郑]天气预报！
[2018-09-18 14:26:56]采集成功-站点[中牟]天气预报！
[2018-09-18 14:26:56]采集成功-站点[洛阳]天气预报！
[2018-09-18 14:26:57]采集成功-站点[新安]天气预报！
[2018-09-18 14:26:57]采集成功-站点[孟津]天气预报！
[2018-09-18 14:26:59]采集成功-站点[伊川]天气预报！
[2018-09-18 14:27:00]采集成功-站点[偃师]天气预报！
[2018-09-18 14:27:00]采集成功-站点[栾川]天气预报！
[2018-09-18 14:27:01]采集成功-站点[汝阳]天气预报！
[2018-09-18 14:27:02]采集成功-站点[洛宁]天气预报！
[2018-09-18 14:27:02]采集成功-站点[嵩县]天气预报！
[2018-09-18 14:27:03]采集成功-站点[宜阳]天气预报！
[2018-09-18 14:27:03]采集成功-站点[开封]天气预报！
[2018-09-18 14:27:04]采集成功-站点[尉氏]天气预报！
[2018-09-18 14:27:04]采集成功-站点[杞县]天气预报！
[2018-09-18 14:27:05]采集成功-站点[通许]天气预报！
[2018-09-18 14:27:05]采集成功-站点[商丘]天气预报！
[2018-09-18 14:27:06]采集成功-站点[虞城]天气预报！
[2018-09-18 14:27:06]采集成功-站点[柘城]天气预报！
[2018-09-18 14:27:07]采集成功-站点[宁陵]天气预报！
[2018-09-18 14:27:07]采集成功-站点[夏邑]天气预报！
[2018-09-18 14:27:08]采集成功-站点[睢县]天气预报！
[2018-09-18 14:27:08]采集成功-站点[民权]天气预报！
[2018-09-18 14:27:09]采集成功-站点[平顶山]天气预报！
[2018-09-18 14:27:09]采集成功-站点[郏县]天气预报！
[2018-09-18 14:27:10]采集成功-站点[宝丰]天气预报！
[2018-09-18 14:27:10]采集成功-站点[鲁山]天气预报！
[2018-09-18 14:27:11]采集成功-站点[叶县]天气预报！
[2018-09-18 14:27:11]采集成功-站点[舞钢]天气预报！
[2018-09-18 14:27:12]采集成功-站点[许昌]天气预报！
[2018-09-18 14:27:12]采集成功-站点[长葛]天气预报！
[2018-09-18 14:27:13]采集成功-站点[禹州]天气预报！
[2018-09-18 14:27:13]采集成功-站点[鄢陵]天气预报！
[2018-09-18 14:27:13]采集成功-站点[襄城]天气预报！
[2018-09-18 14:27:14]采集成功-站点[漯河]天气预报！
[2018-09-18 14:27:14]采集成功-站点[舞阳]天气预报！
[2018-09-18 14:27:15]采集成功-站点[临颍]天气预报！
[2018-09-18 14:27:15]采集成功-站点[南阳]天气预报！
[2018-09-18 14:27:16]采集成功-站点[西峡]天气预报！
[2018-09-18 14:27:16]采集成功-站点[内乡]天气预报！
[2018-09-18 14:27:16]采集成功-站点[镇平]天气预报！
[2018-09-18 14:27:17]采集成功-站点[南召]天气预报！
[2018-09-18 14:27:17]采集成功-站点[方城]天气预报！
[2018-09-18 14:27:18]采集成功-站点[淅川]天气预报！
[2018-09-18 14:27:18]采集成功-站点[新野]天气预报！
[2018-09-18 14:27:19]采集成功-站点[唐河]天气预报！
[2018-09-18 14:27:20]采集成功-站点[桐柏]天气预报！
[2018-09-18 14:27:20]采集成功-站点[社旗]天气预报！
[2018-09-18 14:27:21]采集成功-站点[三门峡]天气预报！
[2018-09-18 14:27:23]采集成功-站点[灵宝]天气预报！
[2018-09-18 14:27:26]采集成功-站点[渑池]天气预报！
[2018-09-18 14:27:30]采集成功-站点[卢氏]天气预报！
[2018-09-18 14:27:32]采集成功-站点[周口]天气预报！
[2018-09-18 14:27:33]采集成功-站点[项城]天气预报！
[2018-09-18 14:27:34]采集成功-站点[商水]天气预报！
[2018-09-18 14:27:35]采集成功-站点[扶沟]天气预报！
[2018-09-18 14:27:36]采集成功-站点[太康]天气预报！
[2018-09-18 14:27:37]采集成功-站点[淮阳]天气预报！
[2018-09-18 14:27:38]采集成功-站点[西华]天气预报！
[2018-09-18 14:27:40]采集失败-站点[泛区]天气预报！
[2018-09-18 14:27:40]采集成功-站点[郸城]天气预报！
[2018-09-18 14:27:41]采集成功-站点[沈丘]天气预报！
[2018-09-18 14:27:41]采集成功-站点[安阳]天气预报！
[2018-09-18 14:27:42]采集成功-站点[汤阴]天气预报！
[2018-09-18 14:27:44]采集成功-站点[内黄]天气预报！
[2018-09-18 14:27:45]采集成功-站点[林州]天气预报！
[2018-09-18 14:27:45]采集成功-站点[济源]天气预报！
[2018-09-18 14:27:46]采集成功-站点[焦作]天气预报！
[2018-09-18 14:27:46]采集成功-站点[博爱]天气预报！
[2018-09-18 14:27:47]采集成功-站点[修武]天气预报！
[2018-09-18 14:27:47]采集成功-站点[武陟]天气预报！
[2018-09-18 14:27:49]采集成功-站点[温县]天气预报！
[2018-09-18 14:27:51]采集成功-站点[孟州]天气预报！
[2018-09-18 14:27:52]采集成功-站点[沁阳]天气预报！
[2018-09-18 14:27:59]采集成功-站点[鹤壁]天气预报！
[2018-09-18 14:28:00]采集成功-站点[淇县]天气预报！
[2018-09-18 14:28:07]采集成功-站点[浚县]天气预报！
[2018-09-18 14:28:08]采集成功-站点[新乡]天气预报！
[2018-09-18 14:28:09]采集成功-站点[封丘]天气预报！
[2018-09-18 14:28:12]采集成功-站点[辉县]天气预报！
[2018-09-18 14:28:13]采集成功-站点[获嘉]天气预报！
[2018-09-18 14:28:14]采集成功-站点[原阳]天气预报！
[2018-09-18 14:28:15]采集成功-站点[卫辉]天气预报！
[2018-09-18 14:28:16]采集成功-站点[延津]天气预报！
[2018-09-18 14:28:17]采集成功-站点[濮阳]天气预报！
[2018-09-18 14:28:20]采集成功-站点[南乐]天气预报！
[2018-09-18 14:28:21]采集成功-站点[清丰]天气预报！
[2018-09-18 14:28:22]采集成功-站点[范县]天气预报！
[2018-09-18 14:28:23]采集成功-站点[台前]天气预报！
[2018-09-18 14:28:24]采集成功-站点[驻马店]天气预报！
[2018-09-18 14:28:24]采集成功-站点[平舆]天气预报！
[2018-09-18 14:28:25]采集成功-站点[确山]天气预报！
[2018-09-18 14:28:25]采集成功-站点[正阳]天气预报！
[2018-09-18 14:28:25]采集成功-站点[上蔡]天气预报！
[2018-09-18 14:28:26]采集成功-站点[泌阳]天气预报！
[2018-09-18 14:28:26]采集成功-站点[西平]天气预报！
[2018-09-18 14:28:27]采集成功-站点[遂平]天气预报！
[2018-09-18 14:28:28]采集成功-站点[汝南]天气预报！
[2018-09-18 14:28:28]采集成功-站点[信阳]天气预报！
[2018-09-18 14:28:29]采集成功-站点[罗山]天气预报！
[2018-09-18 14:28:29]采集成功-站点[光山]天气预报！
[2018-09-18 14:28:30]采集成功-站点[新县]天气预报！
[2018-09-18 14:28:30]采集成功-站点[息县]天气预报！
[2018-09-18 14:28:31]采集成功-站点[淮滨]天气预报！
[2018-09-18 14:28:31]采集成功-站点[潢川]天气预报！
[2018-09-18 14:28:31]采集成功-站点[商城]天气预报！
[2018-09-18 14:28:32]采集成功-站点[巩义]天气预报！
[2018-09-18 14:28:32]采集成功-站点[兰考]天气预报！
[2018-09-18 14:28:33]采集成功-站点[汝州]天气预报！
[2018-09-18 14:28:33]采集成功-站点[滑县]天气预报！
[2018-09-18 14:28:34]采集成功-站点[长垣]天气预报！
[2018-09-18 14:28:34]采集成功-站点[邓州]天气预报！
[2018-09-18 14:28:35]采集成功-站点[永城]天气预报！
[2018-09-18 14:28:35]采集成功-站点[固始]天气预报！
[2018-09-18 14:28:36]采集成功-站点[鹿邑]天气预报！
[2018-09-18 14:28:36]采集成功-站点[新蔡]天气预报！
