[2018-09-19 06:06:35]采集成功-站点[封丘]天气预报！
[2018-09-19 06:06:36]采集成功-站点[淮滨]天气预报！
[2018-09-19 06:06:38]采集成功-站点[辉县]天气预报！
[2018-09-19 06:06:39]采集成功-站点[孟津]天气预报！
[2018-09-19 06:06:41]采集成功-站点[中牟]天气预报！
[2018-09-19 06:06:42]采集成功-站点[沈丘]天气预报！
[2018-09-19 06:06:43]采集成功-站点[长垣]天气预报！
[2018-09-19 06:06:45]采集成功-站点[襄城]天气预报！
[2018-09-19 06:06:46]采集成功-站点[浚县]天气预报！
[2018-09-19 06:06:47]采集成功-站点[洛宁]天气预报！
[2018-09-19 06:06:48]采集成功-站点[荥阳]天气预报！
[2018-09-19 06:06:50]采集成功-站点[宝丰]天气预报！
[2018-09-19 06:06:51]采集成功-站点[社旗]天气预报！
[2018-09-19 06:06:52]采集成功-站点[平顶山]天气预报！
[2018-09-19 06:06:53]采集成功-站点[安阳]天气预报！
[2018-09-19 06:06:54]采集成功-站点[宜阳]天气预报！
[2018-09-19 06:06:56]采集成功-站点[扶沟]天气预报！
[2018-09-19 06:06:57]采集成功-站点[郑州]天气预报！
[2018-09-19 06:06:58]采集成功-站点[郏县]天气预报！
[2018-09-19 06:07:00]采集成功-站点[方城]天气预报！
[2018-09-19 06:07:01]采集成功-站点[太康]天气预报！
[2018-09-19 06:07:02]采集成功-站点[栾川]天气预报！
[2018-09-19 06:07:03]采集成功-站点[信阳]天气预报！
[2018-09-19 06:07:05]采集成功-站点[遂平]天气预报！
[2018-09-19 06:07:06]采集成功-站点[固始]天气预报！
[2018-09-19 06:07:07]采集成功-站点[正阳]天气预报！
[2018-09-19 06:07:08]采集成功-站点[舞阳]天气预报！
[2018-09-19 06:07:09]采集成功-站点[叶县]天气预报！
[2018-09-19 06:07:11]采集成功-站点[兰考]天气预报！
[2018-09-19 06:07:12]采集成功-站点[漯河]天气预报！
[2018-09-19 06:07:13]采集成功-站点[永城]天气预报！
[2018-09-19 06:07:14]采集成功-站点[西峡]天气预报！
[2018-09-19 06:07:16]采集成功-站点[郸城]天气预报！
[2018-09-19 06:07:17]采集成功-站点[西华]天气预报！
[2018-09-19 06:07:18]采集成功-站点[邓州]天气预报！
[2018-09-19 06:07:19]采集成功-站点[沁阳]天气预报！
[2018-09-19 06:07:21]采集成功-站点[卢氏]天气预报！
[2018-09-19 06:07:22]采集成功-站点[通许]天气预报！
[2018-09-19 06:07:23]采集成功-站点[许昌]天气预报！
[2018-09-19 06:07:24]采集成功-站点[温县]天气预报！
[2018-09-19 06:07:26]采集成功-站点[柘城]天气预报！
[2018-09-19 06:07:27]采集成功-站点[驻马店]天气预报！
[2018-09-19 06:07:28]采集成功-站点[伊川]天气预报！
[2018-09-19 06:07:29]采集成功-站点[尉氏]天气预报！
[2018-09-19 06:07:30]采集成功-站点[桐柏]天气预报！
[2018-09-19 06:07:32]采集成功-站点[平舆]天气预报！
[2018-09-19 06:07:33]采集成功-站点[商城]天气预报！
[2018-09-19 06:07:34]采集成功-站点[孟州]天气预报！
[2018-09-19 06:07:35]采集成功-站点[息县]天气预报！
[2018-09-19 06:07:37]采集成功-站点[延津]天气预报！
[2018-09-19 06:07:38]采集成功-站点[台前]天气预报！
[2018-09-19 06:07:39]采集成功-站点[夏邑]天气预报！
[2018-09-19 06:07:40]采集成功-站点[光山]天气预报！
[2018-09-19 06:07:42]采集成功-站点[新野]天气预报！
[2018-09-19 06:07:43]采集成功-站点[滑县]天气预报！
[2018-09-19 06:07:44]采集成功-站点[南阳]天气预报！
[2018-09-19 06:07:45]采集成功-站点[获嘉]天气预报！
[2018-09-19 06:07:47]采集成功-站点[淮阳]天气预报！
[2018-09-19 06:07:48]采集成功-站点[新安]天气预报！
[2018-09-19 06:07:49]采集成功-站点[内黄]天气预报！
[2018-09-19 06:07:51]采集失败-站点[泛区]天气预报！
[2018-09-19 06:07:52]采集成功-站点[南乐]天气预报！
[2018-09-19 06:07:54]采集成功-站点[淇县]天气预报！
[2018-09-19 06:07:55]采集成功-站点[汝南]天气预报！
[2018-09-19 13:33:33]采集失败-站点[郑州]天气预报！
[2018-09-19 13:33:34]采集失败-站点[荥阳]天气预报！
[2018-09-19 13:33:35]采集失败-站点[登封]天气预报！
[2018-09-19 13:33:36]采集失败-站点[新密]天气预报！
[2018-09-19 13:33:37]采集失败-站点[新郑]天气预报！
[2018-09-19 13:33:38]采集失败-站点[中牟]天气预报！
[2018-09-19 13:33:39]采集失败-站点[洛阳]天气预报！
[2018-09-19 13:33:40]采集失败-站点[新安]天气预报！
[2018-09-19 13:33:41]采集失败-站点[孟津]天气预报！
[2018-09-19 13:33:42]采集失败-站点[伊川]天气预报！
[2018-09-19 13:33:43]采集失败-站点[偃师]天气预报！
[2018-09-19 13:33:44]采集失败-站点[栾川]天气预报！
[2018-09-19 13:33:45]采集失败-站点[汝阳]天气预报！
[2018-09-19 13:33:46]采集失败-站点[洛宁]天气预报！
[2018-09-19 13:33:47]采集失败-站点[嵩县]天气预报！
[2018-09-19 13:33:48]采集失败-站点[宜阳]天气预报！
[2018-09-19 13:33:49]采集失败-站点[开封]天气预报！
[2018-09-19 13:33:50]采集失败-站点[尉氏]天气预报！
[2018-09-19 13:33:51]采集失败-站点[杞县]天气预报！
[2018-09-19 13:33:52]采集失败-站点[通许]天气预报！
[2018-09-19 13:33:53]采集失败-站点[商丘]天气预报！
[2018-09-19 13:33:54]采集失败-站点[虞城]天气预报！
[2018-09-19 13:33:55]采集失败-站点[柘城]天气预报！
[2018-09-19 13:33:56]采集失败-站点[宁陵]天气预报！
[2018-09-19 13:33:57]采集失败-站点[夏邑]天气预报！
[2018-09-19 13:33:58]采集失败-站点[睢县]天气预报！
[2018-09-19 13:33:59]采集失败-站点[民权]天气预报！
[2018-09-19 13:34:00]采集失败-站点[平顶山]天气预报！
[2018-09-19 13:34:01]采集失败-站点[郏县]天气预报！
[2018-09-19 13:34:02]采集失败-站点[宝丰]天气预报！
[2018-09-19 13:34:03]采集失败-站点[鲁山]天气预报！
[2018-09-19 13:34:04]采集失败-站点[叶县]天气预报！
[2018-09-19 13:34:05]采集失败-站点[舞钢]天气预报！
[2018-09-19 13:34:06]采集失败-站点[许昌]天气预报！
[2018-09-19 13:34:07]采集失败-站点[长葛]天气预报！
[2018-09-19 13:34:08]采集失败-站点[禹州]天气预报！
[2018-09-19 13:34:09]采集失败-站点[鄢陵]天气预报！
