[2018-10-10 23:14:42]采集成功-站点[郑州]天气预报！
[2018-10-10 23:14:47]采集成功-站点[荥阳]天气预报！
[2018-10-10 23:14:53]采集成功-站点[登封]天气预报！
[2018-10-10 23:14:58]采集成功-站点[新密]天气预报！
[2018-10-10 23:15:04]采集成功-站点[新郑]天气预报！
[2018-10-10 23:15:09]采集成功-站点[中牟]天气预报！
[2018-10-10 23:15:14]采集成功-站点[洛阳]天气预报！
[2018-10-10 23:15:20]采集成功-站点[新安]天气预报！
[2018-10-10 23:15:26]采集成功-站点[孟津]天气预报！
[2018-10-10 23:15:31]采集成功-站点[伊川]天气预报！
[2018-10-10 23:15:37]采集成功-站点[偃师]天气预报！
[2018-10-10 23:15:42]采集成功-站点[栾川]天气预报！
[2018-10-10 23:15:48]采集成功-站点[汝阳]天气预报！
[2018-10-10 23:15:53]采集成功-站点[洛宁]天气预报！
[2018-10-10 23:15:59]采集成功-站点[嵩县]天气预报！
[2018-10-10 23:16:04]采集成功-站点[宜阳]天气预报！
[2018-10-10 23:16:10]采集成功-站点[开封]天气预报！
[2018-10-10 23:16:15]采集成功-站点[尉氏]天气预报！
[2018-10-10 23:16:20]采集成功-站点[杞县]天气预报！
[2018-10-10 23:16:26]采集成功-站点[通许]天气预报！
[2018-10-10 23:16:31]采集成功-站点[商丘]天气预报！
[2018-10-10 23:16:37]采集成功-站点[虞城]天气预报！
[2018-10-10 23:16:43]采集成功-站点[柘城]天气预报！
[2018-10-10 23:16:49]采集成功-站点[宁陵]天气预报！
[2018-10-10 23:16:54]采集成功-站点[夏邑]天气预报！
[2018-10-10 23:17:00]采集成功-站点[睢县]天气预报！
[2018-10-10 23:17:05]采集成功-站点[民权]天气预报！
[2018-10-10 23:17:10]采集成功-站点[平顶山]天气预报！
[2018-10-10 23:17:16]采集成功-站点[郏县]天气预报！
[2018-10-10 23:17:21]采集成功-站点[宝丰]天气预报！
[2018-10-10 23:17:26]采集成功-站点[鲁山]天气预报！
[2018-10-10 23:17:32]采集成功-站点[叶县]天气预报！
[2018-10-10 23:17:37]采集成功-站点[舞钢]天气预报！
[2018-10-10 23:17:43]采集成功-站点[许昌]天气预报！
[2018-10-10 23:17:48]采集成功-站点[长葛]天气预报！
[2018-10-10 23:17:53]采集成功-站点[禹州]天气预报！
[2018-10-10 23:17:59]采集成功-站点[鄢陵]天气预报！
[2018-10-10 23:18:04]采集成功-站点[襄城]天气预报！
[2018-10-10 23:18:10]采集成功-站点[漯河]天气预报！
[2018-10-10 23:18:15]采集成功-站点[舞阳]天气预报！
[2018-10-10 23:18:21]采集成功-站点[临颍]天气预报！
[2018-10-10 23:18:26]采集成功-站点[南阳]天气预报！
[2018-10-10 23:18:32]采集成功-站点[西峡]天气预报！
[2018-10-10 23:18:37]采集成功-站点[内乡]天气预报！
[2018-10-10 23:18:43]采集成功-站点[镇平]天气预报！
[2018-10-10 23:18:48]采集成功-站点[南召]天气预报！
[2018-10-10 23:18:54]采集成功-站点[方城]天气预报！
[2018-10-10 23:18:59]采集成功-站点[淅川]天气预报！
[2018-10-10 23:19:05]采集成功-站点[新野]天气预报！
[2018-10-10 23:19:10]采集成功-站点[唐河]天气预报！
[2018-10-10 23:19:15]采集成功-站点[桐柏]天气预报！
[2018-10-10 23:19:21]采集成功-站点[社旗]天气预报！
[2018-10-10 23:19:27]采集成功-站点[三门峡]天气预报！
[2018-10-10 23:19:32]采集成功-站点[灵宝]天气预报！
[2018-10-10 23:19:38]采集成功-站点[渑池]天气预报！
[2018-10-10 23:19:43]采集成功-站点[卢氏]天气预报！
[2018-10-10 23:19:48]采集成功-站点[周口]天气预报！
[2018-10-10 23:19:54]采集成功-站点[项城]天气预报！
[2018-10-10 23:20:00]采集成功-站点[商水]天气预报！
[2018-10-10 23:20:05]采集成功-站点[扶沟]天气预报！
[2018-10-10 23:20:11]采集成功-站点[太康]天气预报！
[2018-10-10 23:20:16]采集成功-站点[淮阳]天气预报！
[2018-10-10 23:20:22]采集成功-站点[西华]天气预报！
[2018-10-10 23:20:28]采集失败-站点[泛区]天气预报！
[2018-10-10 23:20:33]采集成功-站点[郸城]天气预报！
[2018-10-10 23:20:39]采集成功-站点[沈丘]天气预报！
[2018-10-10 23:20:44]采集成功-站点[安阳]天气预报！
[2018-10-10 23:20:49]采集成功-站点[汤阴]天气预报！
[2018-10-10 23:20:54]采集成功-站点[内黄]天气预报！
[2018-10-10 23:21:00]采集成功-站点[林州]天气预报！
[2018-10-10 23:21:05]采集成功-站点[济源]天气预报！
[2018-10-10 23:21:10]采集成功-站点[焦作]天气预报！
[2018-10-10 23:21:15]采集成功-站点[博爱]天气预报！
[2018-10-10 23:21:21]采集成功-站点[修武]天气预报！
[2018-10-10 23:21:26]采集成功-站点[武陟]天气预报！
[2018-10-10 23:21:32]采集成功-站点[温县]天气预报！
[2018-10-10 23:21:37]采集成功-站点[孟州]天气预报！
[2018-10-10 23:21:43]采集成功-站点[沁阳]天气预报！
[2018-10-10 23:21:48]采集成功-站点[鹤壁]天气预报！
[2018-10-10 23:21:53]采集成功-站点[淇县]天气预报！
[2018-10-10 23:21:59]采集成功-站点[浚县]天气预报！
[2018-10-10 23:22:04]采集成功-站点[新乡]天气预报！
[2018-10-10 23:22:09]采集成功-站点[封丘]天气预报！
[2018-10-10 23:22:15]采集成功-站点[辉县]天气预报！
[2018-10-10 23:22:20]采集成功-站点[获嘉]天气预报！
[2018-10-10 23:22:26]采集成功-站点[原阳]天气预报！
[2018-10-10 23:22:31]采集成功-站点[卫辉]天气预报！
[2018-10-10 23:22:36]采集成功-站点[延津]天气预报！
[2018-10-10 23:22:42]采集成功-站点[濮阳]天气预报！
[2018-10-10 23:22:47]采集成功-站点[南乐]天气预报！
[2018-10-10 23:22:53]采集成功-站点[清丰]天气预报！
[2018-10-10 23:22:58]采集成功-站点[范县]天气预报！
[2018-10-10 23:23:04]采集成功-站点[台前]天气预报！
[2018-10-10 23:23:09]采集成功-站点[驻马店]天气预报！
[2018-10-10 23:23:15]采集成功-站点[平舆]天气预报！
[2018-10-10 23:23:20]采集成功-站点[确山]天气预报！
[2018-10-10 23:23:25]采集成功-站点[正阳]天气预报！
[2018-10-10 23:23:31]采集成功-站点[上蔡]天气预报！
[2018-10-10 23:23:36]采集成功-站点[泌阳]天气预报！
[2018-10-10 23:23:42]采集成功-站点[西平]天气预报！
[2018-10-10 23:23:47]采集成功-站点[遂平]天气预报！
[2018-10-10 23:23:52]采集成功-站点[汝南]天气预报！
[2018-10-10 23:23:58]采集成功-站点[信阳]天气预报！
[2018-10-10 23:24:03]采集成功-站点[罗山]天气预报！
[2018-10-10 23:24:08]采集成功-站点[光山]天气预报！
[2018-10-10 23:24:14]采集成功-站点[新县]天气预报！
[2018-10-10 23:24:19]采集成功-站点[息县]天气预报！
[2018-10-10 23:24:25]采集成功-站点[淮滨]天气预报！
[2018-10-10 23:24:30]采集成功-站点[潢川]天气预报！
[2018-10-10 23:24:36]采集成功-站点[商城]天气预报！
[2018-10-10 23:24:41]采集成功-站点[巩义]天气预报！
[2018-10-10 23:24:47]采集成功-站点[兰考]天气预报！
[2018-10-10 23:24:52]采集成功-站点[汝州]天气预报！
[2018-10-10 23:24:57]采集成功-站点[滑县]天气预报！
[2018-10-10 23:25:03]采集成功-站点[长垣]天气预报！
[2018-10-10 23:25:08]采集成功-站点[邓州]天气预报！
[2018-10-10 23:25:14]采集成功-站点[永城]天气预报！
[2018-10-10 23:25:19]采集成功-站点[固始]天气预报！
[2018-10-10 23:25:25]采集成功-站点[鹿邑]天气预报！
[2018-10-10 23:25:30]采集成功-站点[新蔡]天气预报！
[2018-10-10 23:44:46]定时任务名称:【获取小时天气预报信息】
[2018-10-10 23:44:46]【获取小时天气预报信息】----启动成功----
-------------------------------------------------------------------------
[2018-10-10 23:44:50][任务调度]--获取小时天气预报信息--开始
[2018-10-10 23:44:50][任务组名]--EXTJWEB_JOBGROUP_NAME
[2018-10-10 23:44:50]定时任务参数：{nodename=config, nodevalue=, id=dayWeatyerJob, taskName=获取小时天气预报信息, taskClass=com.zondy.timetask.TestJob, taskCronTrigger=0/10 * *  * * ?, isExecute=true, retryTimes=1, retrySpaceTime=30}
[2018-10-10 23:44:50][任务调度]--获取小时天气预报信息--结束
-------------------------------------------------------------------------
[2018-10-10 23:45:00][任务调度]--获取小时天气预报信息--开始
[2018-10-10 23:45:00][任务组名]--EXTJWEB_JOBGROUP_NAME
[2018-10-10 23:45:00]定时任务参数：{nodename=config, nodevalue=, id=dayWeatyerJob, taskName=获取小时天气预报信息, taskClass=com.zondy.timetask.TestJob, taskCronTrigger=0/10 * *  * * ?, isExecute=true, retryTimes=1, retrySpaceTime=30}
[2018-10-10 23:45:00][任务调度]--获取小时天气预报信息--结束
-------------------------------------------------------------------------
[2018-10-10 23:45:10][任务调度]--获取小时天气预报信息--开始
[2018-10-10 23:45:10][任务组名]--EXTJWEB_JOBGROUP_NAME
[2018-10-10 23:45:10]定时任务参数：{nodename=config, nodevalue=, id=dayWeatyerJob, taskName=获取小时天气预报信息, taskClass=com.zondy.timetask.TestJob, taskCronTrigger=0/10 * *  * * ?, isExecute=true, retryTimes=1, retrySpaceTime=30}
[2018-10-10 23:45:10][任务调度]--获取小时天气预报信息--结束
-------------------------------------------------------------------------
[2018-10-10 23:45:20][任务调度]--获取小时天气预报信息--开始
[2018-10-10 23:45:20][任务组名]--EXTJWEB_JOBGROUP_NAME
[2018-10-10 23:45:20]定时任务参数：{nodename=config, nodevalue=, id=dayWeatyerJob, taskName=获取小时天气预报信息, taskClass=com.zondy.timetask.TestJob, taskCronTrigger=0/10 * *  * * ?, isExecute=true, retryTimes=1, retrySpaceTime=30}
[2018-10-10 23:45:20][任务调度]--获取小时天气预报信息--结束
-------------------------------------------------------------------------
[2018-10-10 23:45:30][任务调度]--获取小时天气预报信息--开始
[2018-10-10 23:45:30][任务组名]--EXTJWEB_JOBGROUP_NAME
[2018-10-10 23:45:30]定时任务参数：{nodename=config, nodevalue=, id=dayWeatyerJob, taskName=获取小时天气预报信息, taskClass=com.zondy.timetask.TestJob, taskCronTrigger=0/10 * *  * * ?, isExecute=true, retryTimes=1, retrySpaceTime=30}
[2018-10-10 23:45:30][任务调度]--获取小时天气预报信息--结束
-------------------------------------------------------------------------
[2018-10-10 23:45:40][任务调度]--获取小时天气预报信息--开始
[2018-10-10 23:45:40][任务组名]--EXTJWEB_JOBGROUP_NAME
[2018-10-10 23:45:40]定时任务参数：{nodename=config, nodevalue=, id=dayWeatyerJob, taskName=获取小时天气预报信息, taskClass=com.zondy.timetask.TestJob, taskCronTrigger=0/10 * *  * * ?, isExecute=true, retryTimes=1, retrySpaceTime=30}
[2018-10-10 23:45:40][任务调度]--获取小时天气预报信息--结束
-------------------------------------------------------------------------
[2018-10-10 23:45:50][任务调度]--获取小时天气预报信息--开始
[2018-10-10 23:45:50][任务组名]--EXTJWEB_JOBGROUP_NAME
[2018-10-10 23:45:50]定时任务参数：{nodename=config, nodevalue=, id=dayWeatyerJob, taskName=获取小时天气预报信息, taskClass=com.zondy.timetask.TestJob, taskCronTrigger=0/10 * *  * * ?, isExecute=true, retryTimes=1, retrySpaceTime=30}
[2018-10-10 23:45:50][任务调度]--获取小时天气预报信息--结束
-------------------------------------------------------------------------
[2018-10-10 23:46:00][任务调度]--获取小时天气预报信息--开始
[2018-10-10 23:46:00][任务组名]--EXTJWEB_JOBGROUP_NAME
[2018-10-10 23:46:00]定时任务参数：{nodename=config, nodevalue=, id=dayWeatyerJob, taskName=获取小时天气预报信息, taskClass=com.zondy.timetask.TestJob, taskCronTrigger=0/10 * *  * * ?, isExecute=true, retryTimes=1, retrySpaceTime=30}
[2018-10-10 23:46:00][任务调度]--获取小时天气预报信息--结束
-------------------------------------------------------------------------
[2018-10-10 23:46:10][任务调度]--获取小时天气预报信息--开始
[2018-10-10 23:46:10][任务组名]--EXTJWEB_JOBGROUP_NAME
[2018-10-10 23:46:10]定时任务参数：{nodename=config, nodevalue=, id=dayWeatyerJob, taskName=获取小时天气预报信息, taskClass=com.zondy.timetask.TestJob, taskCronTrigger=0/10 * *  * * ?, isExecute=true, retryTimes=1, retrySpaceTime=30}
[2018-10-10 23:46:10][任务调度]--获取小时天气预报信息--结束
-------------------------------------------------------------------------
[2018-10-10 23:46:20][任务调度]--获取小时天气预报信息--开始
[2018-10-10 23:46:20][任务组名]--EXTJWEB_JOBGROUP_NAME
[2018-10-10 23:46:20]定时任务参数：{nodename=config, nodevalue=, id=dayWeatyerJob, taskName=获取小时天气预报信息, taskClass=com.zondy.timetask.TestJob, taskCronTrigger=0/10 * *  * * ?, isExecute=true, retryTimes=1, retrySpaceTime=30}
[2018-10-10 23:46:20][任务调度]--获取小时天气预报信息--结束
-------------------------------------------------------------------------
[2018-10-10 23:46:30][任务调度]--获取小时天气预报信息--开始
[2018-10-10 23:46:30][任务组名]--EXTJWEB_JOBGROUP_NAME
[2018-10-10 23:46:30]定时任务参数：{nodename=config, nodevalue=, id=dayWeatyerJob, taskName=获取小时天气预报信息, taskClass=com.zondy.timetask.TestJob, taskCronTrigger=0/10 * *  * * ?, isExecute=true, retryTimes=1, retrySpaceTime=30}
[2018-10-10 23:46:30][任务调度]--获取小时天气预报信息--结束
-------------------------------------------------------------------------
[2018-10-10 23:46:40][任务调度]--获取小时天气预报信息--开始
[2018-10-10 23:46:40][任务组名]--EXTJWEB_JOBGROUP_NAME
[2018-10-10 23:46:40]定时任务参数：{nodename=config, nodevalue=, id=dayWeatyerJob, taskName=获取小时天气预报信息, taskClass=com.zondy.timetask.TestJob, taskCronTrigger=0/10 * *  * * ?, isExecute=true, retryTimes=1, retrySpaceTime=30}
[2018-10-10 23:46:40][任务调度]--获取小时天气预报信息--结束
-------------------------------------------------------------------------
[2018-10-10 23:46:50][任务调度]--获取小时天气预报信息--开始
[2018-10-10 23:46:50][任务组名]--EXTJWEB_JOBGROUP_NAME
[2018-10-10 23:46:50]定时任务参数：{nodename=config, nodevalue=, id=dayWeatyerJob, taskName=获取小时天气预报信息, taskClass=com.zondy.timetask.TestJob, taskCronTrigger=0/10 * *  * * ?, isExecute=true, retryTimes=1, retrySpaceTime=30}
[2018-10-10 23:46:50][任务调度]--获取小时天气预报信息--结束
-------------------------------------------------------------------------
[2018-10-10 23:47:00][任务调度]--获取小时天气预报信息--开始
[2018-10-10 23:47:00][任务组名]--EXTJWEB_JOBGROUP_NAME
[2018-10-10 23:47:00]定时任务参数：{nodename=config, nodevalue=, id=dayWeatyerJob, taskName=获取小时天气预报信息, taskClass=com.zondy.timetask.TestJob, taskCronTrigger=0/10 * *  * * ?, isExecute=true, retryTimes=1, retrySpaceTime=30}
[2018-10-10 23:47:00][任务调度]--获取小时天气预报信息--结束
-------------------------------------------------------------------------
[2018-10-10 23:47:10][任务调度]--获取小时天气预报信息--开始
[2018-10-10 23:47:10][任务组名]--EXTJWEB_JOBGROUP_NAME
[2018-10-10 23:47:10]定时任务参数：{nodename=config, nodevalue=, id=dayWeatyerJob, taskName=获取小时天气预报信息, taskClass=com.zondy.timetask.TestJob, taskCronTrigger=0/10 * *  * * ?, isExecute=true, retryTimes=1, retrySpaceTime=30}
[2018-10-10 23:47:10][任务调度]--获取小时天气预报信息--结束
-------------------------------------------------------------------------
[2018-10-10 23:47:20][任务调度]--获取小时天气预报信息--开始
[2018-10-10 23:47:20][任务组名]--EXTJWEB_JOBGROUP_NAME
[2018-10-10 23:47:20]定时任务参数：{nodename=config, nodevalue=, id=dayWeatyerJob, taskName=获取小时天气预报信息, taskClass=com.zondy.timetask.TestJob, taskCronTrigger=0/10 * *  * * ?, isExecute=true, retryTimes=1, retrySpaceTime=30}
[2018-10-10 23:47:20][任务调度]--获取小时天气预报信息--结束
-------------------------------------------------------------------------
[2018-10-10 23:47:30][任务调度]--获取小时天气预报信息--开始
[2018-10-10 23:47:30][任务组名]--EXTJWEB_JOBGROUP_NAME
[2018-10-10 23:47:30]定时任务参数：{nodename=config, nodevalue=, id=dayWeatyerJob, taskName=获取小时天气预报信息, taskClass=com.zondy.timetask.TestJob, taskCronTrigger=0/10 * *  * * ?, isExecute=true, retryTimes=1, retrySpaceTime=30}
[2018-10-10 23:47:30][任务调度]--获取小时天气预报信息--结束
-------------------------------------------------------------------------
[2018-10-10 23:47:40][任务调度]--获取小时天气预报信息--开始
[2018-10-10 23:47:40][任务组名]--EXTJWEB_JOBGROUP_NAME
[2018-10-10 23:47:40]定时任务参数：{nodename=config, nodevalue=, id=dayWeatyerJob, taskName=获取小时天气预报信息, taskClass=com.zondy.timetask.TestJob, taskCronTrigger=0/10 * *  * * ?, isExecute=true, retryTimes=1, retrySpaceTime=30}
[2018-10-10 23:47:40][任务调度]--获取小时天气预报信息--结束
-------------------------------------------------------------------------
[2018-10-10 23:47:50][任务调度]--获取小时天气预报信息--开始
[2018-10-10 23:47:50][任务组名]--EXTJWEB_JOBGROUP_NAME
[2018-10-10 23:47:50]定时任务参数：{nodename=config, nodevalue=, id=dayWeatyerJob, taskName=获取小时天气预报信息, taskClass=com.zondy.timetask.TestJob, taskCronTrigger=0/10 * *  * * ?, isExecute=true, retryTimes=1, retrySpaceTime=30}
[2018-10-10 23:47:50][任务调度]--获取小时天气预报信息--结束
-------------------------------------------------------------------------
[2018-10-10 23:48:00][任务调度]--获取小时天气预报信息--开始
[2018-10-10 23:48:00][任务组名]--EXTJWEB_JOBGROUP_NAME
[2018-10-10 23:48:00]定时任务参数：{nodename=config, nodevalue=, id=dayWeatyerJob, taskName=获取小时天气预报信息, taskClass=com.zondy.timetask.TestJob, taskCronTrigger=0/10 * *  * * ?, isExecute=true, retryTimes=1, retrySpaceTime=30}
[2018-10-10 23:48:00][任务调度]--获取小时天气预报信息--结束
-------------------------------------------------------------------------
[2018-10-10 23:48:10][任务调度]--获取小时天气预报信息--开始
[2018-10-10 23:48:10][任务组名]--EXTJWEB_JOBGROUP_NAME
[2018-10-10 23:48:10]定时任务参数：{nodename=config, nodevalue=, id=dayWeatyerJob, taskName=获取小时天气预报信息, taskClass=com.zondy.timetask.TestJob, taskCronTrigger=0/10 * *  * * ?, isExecute=true, retryTimes=1, retrySpaceTime=30}
[2018-10-10 23:48:10][任务调度]--获取小时天气预报信息--结束
-------------------------------------------------------------------------
[2018-10-10 23:48:20][任务调度]--获取小时天气预报信息--开始
[2018-10-10 23:48:20][任务组名]--EXTJWEB_JOBGROUP_NAME
[2018-10-10 23:48:20]定时任务参数：{nodename=config, nodevalue=, id=dayWeatyerJob, taskName=获取小时天气预报信息, taskClass=com.zondy.timetask.TestJob, taskCronTrigger=0/10 * *  * * ?, isExecute=true, retryTimes=1, retrySpaceTime=30}
[2018-10-10 23:48:20][任务调度]--获取小时天气预报信息--结束
-------------------------------------------------------------------------
[2018-10-10 23:48:30][任务调度]--获取小时天气预报信息--开始
[2018-10-10 23:48:30][任务组名]--EXTJWEB_JOBGROUP_NAME
[2018-10-10 23:48:30]定时任务参数：{nodename=config, nodevalue=, id=dayWeatyerJob, taskName=获取小时天气预报信息, taskClass=com.zondy.timetask.TestJob, taskCronTrigger=0/10 * *  * * ?, isExecute=true, retryTimes=1, retrySpaceTime=30}
[2018-10-10 23:48:30][任务调度]--获取小时天气预报信息--结束
-------------------------------------------------------------------------
[2018-10-10 23:48:40][任务调度]--获取小时天气预报信息--开始
[2018-10-10 23:48:40][任务组名]--EXTJWEB_JOBGROUP_NAME
[2018-10-10 23:48:40]定时任务参数：{nodename=config, nodevalue=, id=dayWeatyerJob, taskName=获取小时天气预报信息, taskClass=com.zondy.timetask.TestJob, taskCronTrigger=0/10 * *  * * ?, isExecute=true, retryTimes=1, retrySpaceTime=30}
[2018-10-10 23:48:40][任务调度]--获取小时天气预报信息--结束
-------------------------------------------------------------------------
[2018-10-10 23:48:50][任务调度]--获取小时天气预报信息--开始
[2018-10-10 23:48:50][任务组名]--EXTJWEB_JOBGROUP_NAME
[2018-10-10 23:48:50]定时任务参数：{nodename=config, nodevalue=, id=dayWeatyerJob, taskName=获取小时天气预报信息, taskClass=com.zondy.timetask.TestJob, taskCronTrigger=0/10 * *  * * ?, isExecute=true, retryTimes=1, retrySpaceTime=30}
[2018-10-10 23:48:50][任务调度]--获取小时天气预报信息--结束
-------------------------------------------------------------------------
[2018-10-10 23:49:00][任务调度]--获取小时天气预报信息--开始
[2018-10-10 23:49:00][任务组名]--EXTJWEB_JOBGROUP_NAME
[2018-10-10 23:49:00]定时任务参数：{nodename=config, nodevalue=, id=dayWeatyerJob, taskName=获取小时天气预报信息, taskClass=com.zondy.timetask.TestJob, taskCronTrigger=0/10 * *  * * ?, isExecute=true, retryTimes=1, retrySpaceTime=30}
[2018-10-10 23:49:00][任务调度]--获取小时天气预报信息--结束
-------------------------------------------------------------------------
[2018-10-10 23:49:10][任务调度]--获取小时天气预报信息--开始
[2018-10-10 23:49:10][任务组名]--EXTJWEB_JOBGROUP_NAME
[2018-10-10 23:49:10]定时任务参数：{nodename=config, nodevalue=, id=dayWeatyerJob, taskName=获取小时天气预报信息, taskClass=com.zondy.timetask.TestJob, taskCronTrigger=0/10 * *  * * ?, isExecute=true, retryTimes=1, retrySpaceTime=30}
[2018-10-10 23:49:10][任务调度]--获取小时天气预报信息--结束
-------------------------------------------------------------------------
[2018-10-10 23:49:20][任务调度]--获取小时天气预报信息--开始
[2018-10-10 23:49:20][任务组名]--EXTJWEB_JOBGROUP_NAME
[2018-10-10 23:49:20]定时任务参数：{nodename=config, nodevalue=, id=dayWeatyerJob, taskName=获取小时天气预报信息, taskClass=com.zondy.timetask.TestJob, taskCronTrigger=0/10 * *  * * ?, isExecute=true, retryTimes=1, retrySpaceTime=30}
[2018-10-10 23:49:20][任务调度]--获取小时天气预报信息--结束
-------------------------------------------------------------------------
[2018-10-10 23:49:30][任务调度]--获取小时天气预报信息--开始
[2018-10-10 23:49:30][任务组名]--EXTJWEB_JOBGROUP_NAME
[2018-10-10 23:49:30]定时任务参数：{nodename=config, nodevalue=, id=dayWeatyerJob, taskName=获取小时天气预报信息, taskClass=com.zondy.timetask.TestJob, taskCronTrigger=0/10 * *  * * ?, isExecute=true, retryTimes=1, retrySpaceTime=30}
[2018-10-10 23:49:30][任务调度]--获取小时天气预报信息--结束
-------------------------------------------------------------------------
[2018-10-10 23:49:40][任务调度]--获取小时天气预报信息--开始
[2018-10-10 23:49:40][任务组名]--EXTJWEB_JOBGROUP_NAME
[2018-10-10 23:49:40]定时任务参数：{nodename=config, nodevalue=, id=dayWeatyerJob, taskName=获取小时天气预报信息, taskClass=com.zondy.timetask.TestJob, taskCronTrigger=0/10 * *  * * ?, isExecute=true, retryTimes=1, retrySpaceTime=30}
[2018-10-10 23:49:40][任务调度]--获取小时天气预报信息--结束
-------------------------------------------------------------------------
[2018-10-10 23:49:50][任务调度]--获取小时天气预报信息--开始
[2018-10-10 23:49:50][任务组名]--EXTJWEB_JOBGROUP_NAME
[2018-10-10 23:49:50]定时任务参数：{nodename=config, nodevalue=, id=dayWeatyerJob, taskName=获取小时天气预报信息, taskClass=com.zondy.timetask.TestJob, taskCronTrigger=0/10 * *  * * ?, isExecute=true, retryTimes=1, retrySpaceTime=30}
[2018-10-10 23:49:50][任务调度]--获取小时天气预报信息--结束
-------------------------------------------------------------------------
[2018-10-10 23:50:00][任务调度]--获取小时天气预报信息--开始
[2018-10-10 23:50:00][任务组名]--EXTJWEB_JOBGROUP_NAME
[2018-10-10 23:50:00]定时任务参数：{nodename=config, nodevalue=, id=dayWeatyerJob, taskName=获取小时天气预报信息, taskClass=com.zondy.timetask.TestJob, taskCronTrigger=0/10 * *  * * ?, isExecute=true, retryTimes=1, retrySpaceTime=30}
[2018-10-10 23:50:00][任务调度]--获取小时天气预报信息--结束
-------------------------------------------------------------------------
[2018-10-10 23:50:10][任务调度]--获取小时天气预报信息--开始
[2018-10-10 23:50:10][任务组名]--EXTJWEB_JOBGROUP_NAME
[2018-10-10 23:50:10]定时任务参数：{nodename=config, nodevalue=, id=dayWeatyerJob, taskName=获取小时天气预报信息, taskClass=com.zondy.timetask.TestJob, taskCronTrigger=0/10 * *  * * ?, isExecute=true, retryTimes=1, retrySpaceTime=30}
[2018-10-10 23:50:10][任务调度]--获取小时天气预报信息--结束
-------------------------------------------------------------------------
[2018-10-10 23:50:20][任务调度]--获取小时天气预报信息--开始
[2018-10-10 23:50:20][任务组名]--EXTJWEB_JOBGROUP_NAME
[2018-10-10 23:50:20]定时任务参数：{nodename=config, nodevalue=, id=dayWeatyerJob, taskName=获取小时天气预报信息, taskClass=com.zondy.timetask.TestJob, taskCronTrigger=0/10 * *  * * ?, isExecute=true, retryTimes=1, retrySpaceTime=30}
[2018-10-10 23:50:20][任务调度]--获取小时天气预报信息--结束
-------------------------------------------------------------------------
[2018-10-10 23:50:30][任务调度]--获取小时天气预报信息--开始
[2018-10-10 23:50:30][任务组名]--EXTJWEB_JOBGROUP_NAME
[2018-10-10 23:50:30]定时任务参数：{nodename=config, nodevalue=, id=dayWeatyerJob, taskName=获取小时天气预报信息, taskClass=com.zondy.timetask.TestJob, taskCronTrigger=0/10 * *  * * ?, isExecute=true, retryTimes=1, retrySpaceTime=30}
[2018-10-10 23:50:30][任务调度]--获取小时天气预报信息--结束
-------------------------------------------------------------------------
[2018-10-10 23:50:40][任务调度]--获取小时天气预报信息--开始
[2018-10-10 23:50:40][任务组名]--EXTJWEB_JOBGROUP_NAME
[2018-10-10 23:50:40]定时任务参数：{nodename=config, nodevalue=, id=dayWeatyerJob, taskName=获取小时天气预报信息, taskClass=com.zondy.timetask.TestJob, taskCronTrigger=0/10 * *  * * ?, isExecute=true, retryTimes=1, retrySpaceTime=30}
[2018-10-10 23:50:40][任务调度]--获取小时天气预报信息--结束
-------------------------------------------------------------------------
[2018-10-10 23:50:50][任务调度]--获取小时天气预报信息--开始
[2018-10-10 23:50:50][任务组名]--EXTJWEB_JOBGROUP_NAME
[2018-10-10 23:50:50]定时任务参数：{nodename=config, nodevalue=, id=dayWeatyerJob, taskName=获取小时天气预报信息, taskClass=com.zondy.timetask.TestJob, taskCronTrigger=0/10 * *  * * ?, isExecute=true, retryTimes=1, retrySpaceTime=30}
[2018-10-10 23:50:50][任务调度]--获取小时天气预报信息--结束
-------------------------------------------------------------------------
[2018-10-10 23:51:00][任务调度]--获取小时天气预报信息--开始
[2018-10-10 23:51:00][任务组名]--EXTJWEB_JOBGROUP_NAME
[2018-10-10 23:51:00]定时任务参数：{nodename=config, nodevalue=, id=dayWeatyerJob, taskName=获取小时天气预报信息, taskClass=com.zondy.timetask.TestJob, taskCronTrigger=0/10 * *  * * ?, isExecute=true, retryTimes=1, retrySpaceTime=30}
[2018-10-10 23:51:00][任务调度]--获取小时天气预报信息--结束
-------------------------------------------------------------------------
[2018-10-10 23:51:10][任务调度]--获取小时天气预报信息--开始
[2018-10-10 23:51:10][任务组名]--EXTJWEB_JOBGROUP_NAME
[2018-10-10 23:51:10]定时任务参数：{nodename=config, nodevalue=, id=dayWeatyerJob, taskName=获取小时天气预报信息, taskClass=com.zondy.timetask.TestJob, taskCronTrigger=0/10 * *  * * ?, isExecute=true, retryTimes=1, retrySpaceTime=30}
[2018-10-10 23:51:10][任务调度]--获取小时天气预报信息--结束
-------------------------------------------------------------------------
[2018-10-10 23:51:20][任务调度]--获取小时天气预报信息--开始
[2018-10-10 23:51:20][任务组名]--EXTJWEB_JOBGROUP_NAME
[2018-10-10 23:51:20]定时任务参数：{nodename=config, nodevalue=, id=dayWeatyerJob, taskName=获取小时天气预报信息, taskClass=com.zondy.timetask.TestJob, taskCronTrigger=0/10 * *  * * ?, isExecute=true, retryTimes=1, retrySpaceTime=30}
[2018-10-10 23:51:20][任务调度]--获取小时天气预报信息--结束
-------------------------------------------------------------------------
[2018-10-10 23:51:30][任务调度]--获取小时天气预报信息--开始
[2018-10-10 23:51:30][任务组名]--EXTJWEB_JOBGROUP_NAME
[2018-10-10 23:51:30]定时任务参数：{nodename=config, nodevalue=, id=dayWeatyerJob, taskName=获取小时天气预报信息, taskClass=com.zondy.timetask.TestJob, taskCronTrigger=0/10 * *  * * ?, isExecute=true, retryTimes=1, retrySpaceTime=30}
[2018-10-10 23:51:30][任务调度]--获取小时天气预报信息--结束
-------------------------------------------------------------------------
[2018-10-10 23:51:40][任务调度]--获取小时天气预报信息--开始
[2018-10-10 23:51:40][任务组名]--EXTJWEB_JOBGROUP_NAME
[2018-10-10 23:51:40]定时任务参数：{nodename=config, nodevalue=, id=dayWeatyerJob, taskName=获取小时天气预报信息, taskClass=com.zondy.timetask.TestJob, taskCronTrigger=0/10 * *  * * ?, isExecute=true, retryTimes=1, retrySpaceTime=30}
[2018-10-10 23:51:40][任务调度]--获取小时天气预报信息--结束
-------------------------------------------------------------------------
[2018-10-10 23:51:50][任务调度]--获取小时天气预报信息--开始
[2018-10-10 23:51:50][任务组名]--EXTJWEB_JOBGROUP_NAME
[2018-10-10 23:51:50]定时任务参数：{nodename=config, nodevalue=, id=dayWeatyerJob, taskName=获取小时天气预报信息, taskClass=com.zondy.timetask.TestJob, taskCronTrigger=0/10 * *  * * ?, isExecute=true, retryTimes=1, retrySpaceTime=30}
[2018-10-10 23:51:50][任务调度]--获取小时天气预报信息--结束
-------------------------------------------------------------------------
[2018-10-10 23:52:00][任务调度]--获取小时天气预报信息--开始
[2018-10-10 23:52:00][任务组名]--EXTJWEB_JOBGROUP_NAME
[2018-10-10 23:52:00]定时任务参数：{nodename=config, nodevalue=, id=dayWeatyerJob, taskName=获取小时天气预报信息, taskClass=com.zondy.timetask.TestJob, taskCronTrigger=0/10 * *  * * ?, isExecute=true, retryTimes=1, retrySpaceTime=30}
[2018-10-10 23:52:00][任务调度]--获取小时天气预报信息--结束
-------------------------------------------------------------------------
[2018-10-10 23:52:10][任务调度]--获取小时天气预报信息--开始
[2018-10-10 23:52:10][任务组名]--EXTJWEB_JOBGROUP_NAME
[2018-10-10 23:52:10]定时任务参数：{nodename=config, nodevalue=, id=dayWeatyerJob, taskName=获取小时天气预报信息, taskClass=com.zondy.timetask.TestJob, taskCronTrigger=0/10 * *  * * ?, isExecute=true, retryTimes=1, retrySpaceTime=30}
[2018-10-10 23:52:10][任务调度]--获取小时天气预报信息--结束
-------------------------------------------------------------------------
[2018-10-10 23:52:20][任务调度]--获取小时天气预报信息--开始
[2018-10-10 23:52:20][任务组名]--EXTJWEB_JOBGROUP_NAME
[2018-10-10 23:52:20]定时任务参数：{nodename=config, nodevalue=, id=dayWeatyerJob, taskName=获取小时天气预报信息, taskClass=com.zondy.timetask.TestJob, taskCronTrigger=0/10 * *  * * ?, isExecute=true, retryTimes=1, retrySpaceTime=30}
[2018-10-10 23:52:20][任务调度]--获取小时天气预报信息--结束
-------------------------------------------------------------------------
[2018-10-10 23:52:30][任务调度]--获取小时天气预报信息--开始
[2018-10-10 23:52:30][任务组名]--EXTJWEB_JOBGROUP_NAME
[2018-10-10 23:52:30]定时任务参数：{nodename=config, nodevalue=, id=dayWeatyerJob, taskName=获取小时天气预报信息, taskClass=com.zondy.timetask.TestJob, taskCronTrigger=0/10 * *  * * ?, isExecute=true, retryTimes=1, retrySpaceTime=30}
[2018-10-10 23:52:30][任务调度]--获取小时天气预报信息--结束
-------------------------------------------------------------------------
[2018-10-10 23:52:40][任务调度]--获取小时天气预报信息--开始
[2018-10-10 23:52:40][任务组名]--EXTJWEB_JOBGROUP_NAME
[2018-10-10 23:52:40]定时任务参数：{nodename=config, nodevalue=, id=dayWeatyerJob, taskName=获取小时天气预报信息, taskClass=com.zondy.timetask.TestJob, taskCronTrigger=0/10 * *  * * ?, isExecute=true, retryTimes=1, retrySpaceTime=30}
[2018-10-10 23:52:40][任务调度]--获取小时天气预报信息--结束
-------------------------------------------------------------------------
[2018-10-10 23:52:50][任务调度]--获取小时天气预报信息--开始
[2018-10-10 23:52:50][任务组名]--EXTJWEB_JOBGROUP_NAME
[2018-10-10 23:52:50]定时任务参数：{nodename=config, nodevalue=, id=dayWeatyerJob, taskName=获取小时天气预报信息, taskClass=com.zondy.timetask.TestJob, taskCronTrigger=0/10 * *  * * ?, isExecute=true, retryTimes=1, retrySpaceTime=30}
[2018-10-10 23:52:50][任务调度]--获取小时天气预报信息--结束
-------------------------------------------------------------------------
[2018-10-10 23:53:00][任务调度]--获取小时天气预报信息--开始
[2018-10-10 23:53:00][任务组名]--EXTJWEB_JOBGROUP_NAME
[2018-10-10 23:53:00]定时任务参数：{nodename=config, nodevalue=, id=dayWeatyerJob, taskName=获取小时天气预报信息, taskClass=com.zondy.timetask.TestJob, taskCronTrigger=0/10 * *  * * ?, isExecute=true, retryTimes=1, retrySpaceTime=30}
[2018-10-10 23:53:00][任务调度]--获取小时天气预报信息--结束
-------------------------------------------------------------------------
[2018-10-10 23:53:10][任务调度]--获取小时天气预报信息--开始
[2018-10-10 23:53:10][任务组名]--EXTJWEB_JOBGROUP_NAME
[2018-10-10 23:53:10]定时任务参数：{nodename=config, nodevalue=, id=dayWeatyerJob, taskName=获取小时天气预报信息, taskClass=com.zondy.timetask.TestJob, taskCronTrigger=0/10 * *  * * ?, isExecute=true, retryTimes=1, retrySpaceTime=30}
[2018-10-10 23:53:10][任务调度]--获取小时天气预报信息--结束
-------------------------------------------------------------------------
[2018-10-10 23:53:20][任务调度]--获取小时天气预报信息--开始
[2018-10-10 23:53:20][任务组名]--EXTJWEB_JOBGROUP_NAME
[2018-10-10 23:53:20]定时任务参数：{nodename=config, nodevalue=, id=dayWeatyerJob, taskName=获取小时天气预报信息, taskClass=com.zondy.timetask.TestJob, taskCronTrigger=0/10 * *  * * ?, isExecute=true, retryTimes=1, retrySpaceTime=30}
[2018-10-10 23:53:20][任务调度]--获取小时天气预报信息--结束
-------------------------------------------------------------------------
[2018-10-10 23:53:30][任务调度]--获取小时天气预报信息--开始
[2018-10-10 23:53:30][任务组名]--EXTJWEB_JOBGROUP_NAME
[2018-10-10 23:53:30]定时任务参数：{nodename=config, nodevalue=, id=dayWeatyerJob, taskName=获取小时天气预报信息, taskClass=com.zondy.timetask.TestJob, taskCronTrigger=0/10 * *  * * ?, isExecute=true, retryTimes=1, retrySpaceTime=30}
[2018-10-10 23:53:30][任务调度]--获取小时天气预报信息--结束
-------------------------------------------------------------------------
[2018-10-10 23:53:40][任务调度]--获取小时天气预报信息--开始
[2018-10-10 23:53:40][任务组名]--EXTJWEB_JOBGROUP_NAME
[2018-10-10 23:53:40]定时任务参数：{nodename=config, nodevalue=, id=dayWeatyerJob, taskName=获取小时天气预报信息, taskClass=com.zondy.timetask.TestJob, taskCronTrigger=0/10 * *  * * ?, isExecute=true, retryTimes=1, retrySpaceTime=30}
[2018-10-10 23:53:40][任务调度]--获取小时天气预报信息--结束
-------------------------------------------------------------------------
[2018-10-10 23:53:50][任务调度]--获取小时天气预报信息--开始
[2018-10-10 23:53:50][任务组名]--EXTJWEB_JOBGROUP_NAME
[2018-10-10 23:53:50]定时任务参数：{nodename=config, nodevalue=, id=dayWeatyerJob, taskName=获取小时天气预报信息, taskClass=com.zondy.timetask.TestJob, taskCronTrigger=0/10 * *  * * ?, isExecute=true, retryTimes=1, retrySpaceTime=30}
[2018-10-10 23:53:50][任务调度]--获取小时天气预报信息--结束
-------------------------------------------------------------------------
[2018-10-10 23:54:00][任务调度]--获取小时天气预报信息--开始
[2018-10-10 23:54:00][任务组名]--EXTJWEB_JOBGROUP_NAME
[2018-10-10 23:54:00]定时任务参数：{nodename=config, nodevalue=, id=dayWeatyerJob, taskName=获取小时天气预报信息, taskClass=com.zondy.timetask.TestJob, taskCronTrigger=0/10 * *  * * ?, isExecute=true, retryTimes=1, retrySpaceTime=30}
[2018-10-10 23:54:00][任务调度]--获取小时天气预报信息--结束
-------------------------------------------------------------------------
[2018-10-10 23:54:10][任务调度]--获取小时天气预报信息--开始
[2018-10-10 23:54:10][任务组名]--EXTJWEB_JOBGROUP_NAME
[2018-10-10 23:54:10]定时任务参数：{nodename=config, nodevalue=, id=dayWeatyerJob, taskName=获取小时天气预报信息, taskClass=com.zondy.timetask.TestJob, taskCronTrigger=0/10 * *  * * ?, isExecute=true, retryTimes=1, retrySpaceTime=30}
[2018-10-10 23:54:10][任务调度]--获取小时天气预报信息--结束
-------------------------------------------------------------------------
[2018-10-10 23:54:20][任务调度]--获取小时天气预报信息--开始
[2018-10-10 23:54:20][任务组名]--EXTJWEB_JOBGROUP_NAME
[2018-10-10 23:54:20]定时任务参数：{nodename=config, nodevalue=, id=dayWeatyerJob, taskName=获取小时天气预报信息, taskClass=com.zondy.timetask.TestJob, taskCronTrigger=0/10 * *  * * ?, isExecute=true, retryTimes=1, retrySpaceTime=30}
[2018-10-10 23:54:20][任务调度]--获取小时天气预报信息--结束
-------------------------------------------------------------------------
[2018-10-10 23:54:30][任务调度]--获取小时天气预报信息--开始
[2018-10-10 23:54:30][任务组名]--EXTJWEB_JOBGROUP_NAME
[2018-10-10 23:54:30]定时任务参数：{nodename=config, nodevalue=, id=dayWeatyerJob, taskName=获取小时天气预报信息, taskClass=com.zondy.timetask.TestJob, taskCronTrigger=0/10 * *  * * ?, isExecute=true, retryTimes=1, retrySpaceTime=30}
[2018-10-10 23:54:30][任务调度]--获取小时天气预报信息--结束
-------------------------------------------------------------------------
[2018-10-10 23:54:40][任务调度]--获取小时天气预报信息--开始
[2018-10-10 23:54:40][任务组名]--EXTJWEB_JOBGROUP_NAME
[2018-10-10 23:54:40]定时任务参数：{nodename=config, nodevalue=, id=dayWeatyerJob, taskName=获取小时天气预报信息, taskClass=com.zondy.timetask.TestJob, taskCronTrigger=0/10 * *  * * ?, isExecute=true, retryTimes=1, retrySpaceTime=30}
[2018-10-10 23:54:40][任务调度]--获取小时天气预报信息--结束
-------------------------------------------------------------------------
[2018-10-10 23:54:50][任务调度]--获取小时天气预报信息--开始
[2018-10-10 23:54:50][任务组名]--EXTJWEB_JOBGROUP_NAME
[2018-10-10 23:54:50]定时任务参数：{nodename=config, nodevalue=, id=dayWeatyerJob, taskName=获取小时天气预报信息, taskClass=com.zondy.timetask.TestJob, taskCronTrigger=0/10 * *  * * ?, isExecute=true, retryTimes=1, retrySpaceTime=30}
[2018-10-10 23:54:50][任务调度]--获取小时天气预报信息--结束
-------------------------------------------------------------------------
[2018-10-10 23:55:00][任务调度]--获取小时天气预报信息--开始
[2018-10-10 23:55:00][任务组名]--EXTJWEB_JOBGROUP_NAME
[2018-10-10 23:55:00]定时任务参数：{nodename=config, nodevalue=, id=dayWeatyerJob, taskName=获取小时天气预报信息, taskClass=com.zondy.timetask.TestJob, taskCronTrigger=0/10 * *  * * ?, isExecute=true, retryTimes=1, retrySpaceTime=30}
[2018-10-10 23:55:00][任务调度]--获取小时天气预报信息--结束
-------------------------------------------------------------------------
[2018-10-10 23:55:10][任务调度]--获取小时天气预报信息--开始
[2018-10-10 23:55:10][任务组名]--EXTJWEB_JOBGROUP_NAME
[2018-10-10 23:55:10]定时任务参数：{nodename=config, nodevalue=, id=dayWeatyerJob, taskName=获取小时天气预报信息, taskClass=com.zondy.timetask.TestJob, taskCronTrigger=0/10 * *  * * ?, isExecute=true, retryTimes=1, retrySpaceTime=30}
[2018-10-10 23:55:10][任务调度]--获取小时天气预报信息--结束
-------------------------------------------------------------------------
[2018-10-10 23:55:20][任务调度]--获取小时天气预报信息--开始
[2018-10-10 23:55:20][任务组名]--EXTJWEB_JOBGROUP_NAME
[2018-10-10 23:55:20]定时任务参数：{nodename=config, nodevalue=, id=dayWeatyerJob, taskName=获取小时天气预报信息, taskClass=com.zondy.timetask.TestJob, taskCronTrigger=0/10 * *  * * ?, isExecute=true, retryTimes=1, retrySpaceTime=30}
[2018-10-10 23:55:20][任务调度]--获取小时天气预报信息--结束
-------------------------------------------------------------------------
[2018-10-10 23:55:30][任务调度]--获取小时天气预报信息--开始
[2018-10-10 23:55:30][任务组名]--EXTJWEB_JOBGROUP_NAME
[2018-10-10 23:55:30]定时任务参数：{nodename=config, nodevalue=, id=dayWeatyerJob, taskName=获取小时天气预报信息, taskClass=com.zondy.timetask.TestJob, taskCronTrigger=0/10 * *  * * ?, isExecute=true, retryTimes=1, retrySpaceTime=30}
[2018-10-10 23:55:30][任务调度]--获取小时天气预报信息--结束
-------------------------------------------------------------------------
[2018-10-10 23:55:40][任务调度]--获取小时天气预报信息--开始
[2018-10-10 23:55:40][任务组名]--EXTJWEB_JOBGROUP_NAME
[2018-10-10 23:55:40]定时任务参数：{nodename=config, nodevalue=, id=dayWeatyerJob, taskName=获取小时天气预报信息, taskClass=com.zondy.timetask.TestJob, taskCronTrigger=0/10 * *  * * ?, isExecute=true, retryTimes=1, retrySpaceTime=30}
[2018-10-10 23:55:40][任务调度]--获取小时天气预报信息--结束
-------------------------------------------------------------------------
[2018-10-10 23:55:50][任务调度]--获取小时天气预报信息--开始
[2018-10-10 23:55:50][任务组名]--EXTJWEB_JOBGROUP_NAME
[2018-10-10 23:55:50]定时任务参数：{nodename=config, nodevalue=, id=dayWeatyerJob, taskName=获取小时天气预报信息, taskClass=com.zondy.timetask.TestJob, taskCronTrigger=0/10 * *  * * ?, isExecute=true, retryTimes=1, retrySpaceTime=30}
[2018-10-10 23:55:50][任务调度]--获取小时天气预报信息--结束
-------------------------------------------------------------------------
[2018-10-10 23:56:00][任务调度]--获取小时天气预报信息--开始
[2018-10-10 23:56:00][任务组名]--EXTJWEB_JOBGROUP_NAME
[2018-10-10 23:56:00]定时任务参数：{nodename=config, nodevalue=, id=dayWeatyerJob, taskName=获取小时天气预报信息, taskClass=com.zondy.timetask.TestJob, taskCronTrigger=0/10 * *  * * ?, isExecute=true, retryTimes=1, retrySpaceTime=30}
[2018-10-10 23:56:00][任务调度]--获取小时天气预报信息--结束
-------------------------------------------------------------------------
[2018-10-10 23:56:10][任务调度]--获取小时天气预报信息--开始
[2018-10-10 23:56:10][任务组名]--EXTJWEB_JOBGROUP_NAME
[2018-10-10 23:56:10]定时任务参数：{nodename=config, nodevalue=, id=dayWeatyerJob, taskName=获取小时天气预报信息, taskClass=com.zondy.timetask.TestJob, taskCronTrigger=0/10 * *  * * ?, isExecute=true, retryTimes=1, retrySpaceTime=30}
[2018-10-10 23:56:10][任务调度]--获取小时天气预报信息--结束
-------------------------------------------------------------------------
[2018-10-10 23:56:20][任务调度]--获取小时天气预报信息--开始
[2018-10-10 23:56:20][任务组名]--EXTJWEB_JOBGROUP_NAME
[2018-10-10 23:56:20]定时任务参数：{nodename=config, nodevalue=, id=dayWeatyerJob, taskName=获取小时天气预报信息, taskClass=com.zondy.timetask.TestJob, taskCronTrigger=0/10 * *  * * ?, isExecute=true, retryTimes=1, retrySpaceTime=30}
[2018-10-10 23:56:20][任务调度]--获取小时天气预报信息--结束
-------------------------------------------------------------------------
[2018-10-10 23:56:30][任务调度]--获取小时天气预报信息--开始
[2018-10-10 23:56:30][任务组名]--EXTJWEB_JOBGROUP_NAME
[2018-10-10 23:56:30]定时任务参数：{nodename=config, nodevalue=, id=dayWeatyerJob, taskName=获取小时天气预报信息, taskClass=com.zondy.timetask.TestJob, taskCronTrigger=0/10 * *  * * ?, isExecute=true, retryTimes=1, retrySpaceTime=30}
[2018-10-10 23:56:30][任务调度]--获取小时天气预报信息--结束
-------------------------------------------------------------------------
[2018-10-10 23:56:40][任务调度]--获取小时天气预报信息--开始
[2018-10-10 23:56:40][任务组名]--EXTJWEB_JOBGROUP_NAME
[2018-10-10 23:56:40]定时任务参数：{nodename=config, nodevalue=, id=dayWeatyerJob, taskName=获取小时天气预报信息, taskClass=com.zondy.timetask.TestJob, taskCronTrigger=0/10 * *  * * ?, isExecute=true, retryTimes=1, retrySpaceTime=30}
[2018-10-10 23:56:40][任务调度]--获取小时天气预报信息--结束
-------------------------------------------------------------------------
[2018-10-10 23:56:50][任务调度]--获取小时天气预报信息--开始
[2018-10-10 23:56:50][任务组名]--EXTJWEB_JOBGROUP_NAME
[2018-10-10 23:56:50]定时任务参数：{nodename=config, nodevalue=, id=dayWeatyerJob, taskName=获取小时天气预报信息, taskClass=com.zondy.timetask.TestJob, taskCronTrigger=0/10 * *  * * ?, isExecute=true, retryTimes=1, retrySpaceTime=30}
[2018-10-10 23:56:50][任务调度]--获取小时天气预报信息--结束
-------------------------------------------------------------------------
[2018-10-10 23:57:00][任务调度]--获取小时天气预报信息--开始
[2018-10-10 23:57:00][任务组名]--EXTJWEB_JOBGROUP_NAME
[2018-10-10 23:57:00]定时任务参数：{nodename=config, nodevalue=, id=dayWeatyerJob, taskName=获取小时天气预报信息, taskClass=com.zondy.timetask.TestJob, taskCronTrigger=0/10 * *  * * ?, isExecute=true, retryTimes=1, retrySpaceTime=30}
[2018-10-10 23:57:00][任务调度]--获取小时天气预报信息--结束
-------------------------------------------------------------------------
[2018-10-10 23:57:10][任务调度]--获取小时天气预报信息--开始
[2018-10-10 23:57:10][任务组名]--EXTJWEB_JOBGROUP_NAME
[2018-10-10 23:57:10]定时任务参数：{nodename=config, nodevalue=, id=dayWeatyerJob, taskName=获取小时天气预报信息, taskClass=com.zondy.timetask.TestJob, taskCronTrigger=0/10 * *  * * ?, isExecute=true, retryTimes=1, retrySpaceTime=30}
[2018-10-10 23:57:10][任务调度]--获取小时天气预报信息--结束
-------------------------------------------------------------------------
[2018-10-10 23:57:20][任务调度]--获取小时天气预报信息--开始
[2018-10-10 23:57:20][任务组名]--EXTJWEB_JOBGROUP_NAME
[2018-10-10 23:57:20]定时任务参数：{nodename=config, nodevalue=, id=dayWeatyerJob, taskName=获取小时天气预报信息, taskClass=com.zondy.timetask.TestJob, taskCronTrigger=0/10 * *  * * ?, isExecute=true, retryTimes=1, retrySpaceTime=30}
[2018-10-10 23:57:20][任务调度]--获取小时天气预报信息--结束
-------------------------------------------------------------------------
[2018-10-10 23:57:30][任务调度]--获取小时天气预报信息--开始
[2018-10-10 23:57:30][任务组名]--EXTJWEB_JOBGROUP_NAME
[2018-10-10 23:57:30]定时任务参数：{nodename=config, nodevalue=, id=dayWeatyerJob, taskName=获取小时天气预报信息, taskClass=com.zondy.timetask.TestJob, taskCronTrigger=0/10 * *  * * ?, isExecute=true, retryTimes=1, retrySpaceTime=30}
[2018-10-10 23:57:30][任务调度]--获取小时天气预报信息--结束
-------------------------------------------------------------------------
[2018-10-10 23:57:40][任务调度]--获取小时天气预报信息--开始
[2018-10-10 23:57:40][任务组名]--EXTJWEB_JOBGROUP_NAME
[2018-10-10 23:57:40]定时任务参数：{nodename=config, nodevalue=, id=dayWeatyerJob, taskName=获取小时天气预报信息, taskClass=com.zondy.timetask.TestJob, taskCronTrigger=0/10 * *  * * ?, isExecute=true, retryTimes=1, retrySpaceTime=30}
[2018-10-10 23:57:40][任务调度]--获取小时天气预报信息--结束
-------------------------------------------------------------------------
[2018-10-10 23:57:50][任务调度]--获取小时天气预报信息--开始
[2018-10-10 23:57:50][任务组名]--EXTJWEB_JOBGROUP_NAME
[2018-10-10 23:57:50]定时任务参数：{nodename=config, nodevalue=, id=dayWeatyerJob, taskName=获取小时天气预报信息, taskClass=com.zondy.timetask.TestJob, taskCronTrigger=0/10 * *  * * ?, isExecute=true, retryTimes=1, retrySpaceTime=30}
[2018-10-10 23:57:50][任务调度]--获取小时天气预报信息--结束
-------------------------------------------------------------------------
[2018-10-10 23:58:00][任务调度]--获取小时天气预报信息--开始
[2018-10-10 23:58:00][任务组名]--EXTJWEB_JOBGROUP_NAME
[2018-10-10 23:58:00]定时任务参数：{nodename=config, nodevalue=, id=dayWeatyerJob, taskName=获取小时天气预报信息, taskClass=com.zondy.timetask.TestJob, taskCronTrigger=0/10 * *  * * ?, isExecute=true, retryTimes=1, retrySpaceTime=30}
[2018-10-10 23:58:00][任务调度]--获取小时天气预报信息--结束
-------------------------------------------------------------------------
[2018-10-10 23:58:10][任务调度]--获取小时天气预报信息--开始
[2018-10-10 23:58:10][任务组名]--EXTJWEB_JOBGROUP_NAME
[2018-10-10 23:58:10]定时任务参数：{nodename=config, nodevalue=, id=dayWeatyerJob, taskName=获取小时天气预报信息, taskClass=com.zondy.timetask.TestJob, taskCronTrigger=0/10 * *  * * ?, isExecute=true, retryTimes=1, retrySpaceTime=30}
[2018-10-10 23:58:10][任务调度]--获取小时天气预报信息--结束
-------------------------------------------------------------------------
[2018-10-10 23:58:20][任务调度]--获取小时天气预报信息--开始
[2018-10-10 23:58:20][任务组名]--EXTJWEB_JOBGROUP_NAME
[2018-10-10 23:58:20]定时任务参数：{nodename=config, nodevalue=, id=dayWeatyerJob, taskName=获取小时天气预报信息, taskClass=com.zondy.timetask.TestJob, taskCronTrigger=0/10 * *  * * ?, isExecute=true, retryTimes=1, retrySpaceTime=30}
[2018-10-10 23:58:20][任务调度]--获取小时天气预报信息--结束
-------------------------------------------------------------------------
[2018-10-10 23:58:30][任务调度]--获取小时天气预报信息--开始
[2018-10-10 23:58:30][任务组名]--EXTJWEB_JOBGROUP_NAME
[2018-10-10 23:58:30]定时任务参数：{nodename=config, nodevalue=, id=dayWeatyerJob, taskName=获取小时天气预报信息, taskClass=com.zondy.timetask.TestJob, taskCronTrigger=0/10 * *  * * ?, isExecute=true, retryTimes=1, retrySpaceTime=30}
[2018-10-10 23:58:30][任务调度]--获取小时天气预报信息--结束
-------------------------------------------------------------------------
[2018-10-10 23:58:40][任务调度]--获取小时天气预报信息--开始
[2018-10-10 23:58:40][任务组名]--EXTJWEB_JOBGROUP_NAME
[2018-10-10 23:58:40]定时任务参数：{nodename=config, nodevalue=, id=dayWeatyerJob, taskName=获取小时天气预报信息, taskClass=com.zondy.timetask.TestJob, taskCronTrigger=0/10 * *  * * ?, isExecute=true, retryTimes=1, retrySpaceTime=30}
[2018-10-10 23:58:40][任务调度]--获取小时天气预报信息--结束
-------------------------------------------------------------------------
[2018-10-10 23:58:50][任务调度]--获取小时天气预报信息--开始
[2018-10-10 23:58:50][任务组名]--EXTJWEB_JOBGROUP_NAME
[2018-10-10 23:58:50]定时任务参数：{nodename=config, nodevalue=, id=dayWeatyerJob, taskName=获取小时天气预报信息, taskClass=com.zondy.timetask.TestJob, taskCronTrigger=0/10 * *  * * ?, isExecute=true, retryTimes=1, retrySpaceTime=30}
[2018-10-10 23:58:50][任务调度]--获取小时天气预报信息--结束
-------------------------------------------------------------------------
[2018-10-10 23:59:00][任务调度]--获取小时天气预报信息--开始
[2018-10-10 23:59:00][任务组名]--EXTJWEB_JOBGROUP_NAME
[2018-10-10 23:59:00]定时任务参数：{nodename=config, nodevalue=, id=dayWeatyerJob, taskName=获取小时天气预报信息, taskClass=com.zondy.timetask.TestJob, taskCronTrigger=0/10 * *  * * ?, isExecute=true, retryTimes=1, retrySpaceTime=30}
[2018-10-10 23:59:00][任务调度]--获取小时天气预报信息--结束
-------------------------------------------------------------------------
[2018-10-10 23:59:10][任务调度]--获取小时天气预报信息--开始
[2018-10-10 23:59:10][任务组名]--EXTJWEB_JOBGROUP_NAME
[2018-10-10 23:59:10]定时任务参数：{nodename=config, nodevalue=, id=dayWeatyerJob, taskName=获取小时天气预报信息, taskClass=com.zondy.timetask.TestJob, taskCronTrigger=0/10 * *  * * ?, isExecute=true, retryTimes=1, retrySpaceTime=30}
[2018-10-10 23:59:10][任务调度]--获取小时天气预报信息--结束
-------------------------------------------------------------------------
[2018-10-10 23:59:20][任务调度]--获取小时天气预报信息--开始
[2018-10-10 23:59:20][任务组名]--EXTJWEB_JOBGROUP_NAME
[2018-10-10 23:59:20]定时任务参数：{nodename=config, nodevalue=, id=dayWeatyerJob, taskName=获取小时天气预报信息, taskClass=com.zondy.timetask.TestJob, taskCronTrigger=0/10 * *  * * ?, isExecute=true, retryTimes=1, retrySpaceTime=30}
[2018-10-10 23:59:20][任务调度]--获取小时天气预报信息--结束
-------------------------------------------------------------------------
[2018-10-10 23:59:30][任务调度]--获取小时天气预报信息--开始
[2018-10-10 23:59:30][任务组名]--EXTJWEB_JOBGROUP_NAME
[2018-10-10 23:59:30]定时任务参数：{nodename=config, nodevalue=, id=dayWeatyerJob, taskName=获取小时天气预报信息, taskClass=com.zondy.timetask.TestJob, taskCronTrigger=0/10 * *  * * ?, isExecute=true, retryTimes=1, retrySpaceTime=30}
[2018-10-10 23:59:30][任务调度]--获取小时天气预报信息--结束
-------------------------------------------------------------------------
[2018-10-10 23:59:40][任务调度]--获取小时天气预报信息--开始
[2018-10-10 23:59:40][任务组名]--EXTJWEB_JOBGROUP_NAME
[2018-10-10 23:59:40]定时任务参数：{nodename=config, nodevalue=, id=dayWeatyerJob, taskName=获取小时天气预报信息, taskClass=com.zondy.timetask.TestJob, taskCronTrigger=0/10 * *  * * ?, isExecute=true, retryTimes=1, retrySpaceTime=30}
[2018-10-10 23:59:40][任务调度]--获取小时天气预报信息--结束
-------------------------------------------------------------------------
[2018-10-10 23:59:50][任务调度]--获取小时天气预报信息--开始
[2018-10-10 23:59:50][任务组名]--EXTJWEB_JOBGROUP_NAME
[2018-10-10 23:59:50]定时任务参数：{nodename=config, nodevalue=, id=dayWeatyerJob, taskName=获取小时天气预报信息, taskClass=com.zondy.timetask.TestJob, taskCronTrigger=0/10 * *  * * ?, isExecute=true, retryTimes=1, retrySpaceTime=30}
[2018-10-10 23:59:50][任务调度]--获取小时天气预报信息--结束
-------------------------------------------------------------------------
