[2018-10-12 10:45:40]采集成功-站点[郑州]天气预报！
[2018-10-12 10:45:46]采集成功-站点[荥阳]天气预报！
[2018-10-12 10:45:51]采集成功-站点[登封]天气预报！
[2018-10-12 10:45:57]采集成功-站点[新密]天气预报！
[2018-10-12 10:46:02]采集成功-站点[新郑]天气预报！
[2018-10-12 10:46:09]采集成功-站点[中牟]天气预报！
[2018-10-12 10:46:14]采集成功-站点[洛阳]天气预报！
[2018-10-12 10:46:20]采集成功-站点[新安]天气预报！
[2018-10-12 10:46:25]采集成功-站点[孟津]天气预报！
[2018-10-12 10:46:32]采集成功-站点[伊川]天气预报！
[2018-10-12 10:46:40]采集成功-站点[偃师]天气预报！
[2018-10-12 10:46:46]采集成功-站点[栾川]天气预报！
[2018-10-12 10:46:52]采集成功-站点[汝阳]天气预报！
[2018-10-12 10:46:58]采集成功-站点[洛宁]天气预报！
[2018-10-12 10:47:03]采集成功-站点[嵩县]天气预报！
[2018-10-12 10:47:08]采集成功-站点[宜阳]天气预报！
[2018-10-12 10:47:14]采集成功-站点[开封]天气预报！
[2018-10-12 10:47:19]采集成功-站点[尉氏]天气预报！
[2018-10-12 10:47:24]采集成功-站点[杞县]天气预报！
[2018-10-12 10:47:30]采集成功-站点[通许]天气预报！
[2018-10-12 10:47:35]采集成功-站点[商丘]天气预报！
[2018-10-12 10:47:41]采集成功-站点[虞城]天气预报！
[2018-10-12 10:47:46]采集成功-站点[柘城]天气预报！
[2018-10-12 10:47:54]采集成功-站点[宁陵]天气预报！
[2018-10-12 10:48:07]采集成功-站点[夏邑]天气预报！
[2018-10-12 10:48:13]采集成功-站点[睢县]天气预报！
[2018-10-12 10:48:18]采集成功-站点[民权]天气预报！
[2018-10-12 10:48:23]采集成功-站点[平顶山]天气预报！
[2018-10-12 10:48:32]采集成功-站点[郏县]天气预报！
[2018-10-12 10:48:40]采集成功-站点[宝丰]天气预报！
[2018-10-12 10:48:47]采集成功-站点[鲁山]天气预报！
[2018-10-12 10:48:58]采集成功-站点[叶县]天气预报！
[2018-10-12 10:49:04]采集成功-站点[舞钢]天气预报！
[2018-10-12 10:49:09]采集成功-站点[许昌]天气预报！
[2018-10-12 10:49:14]采集成功-站点[长葛]天气预报！
[2018-10-12 10:49:23]采集成功-站点[禹州]天气预报！
[2018-10-12 10:49:28]采集成功-站点[鄢陵]天气预报！
[2018-10-12 10:49:34]采集成功-站点[襄城]天气预报！
[2018-10-12 10:49:40]采集成功-站点[漯河]天气预报！
[2018-10-12 10:49:48]采集成功-站点[舞阳]天气预报！
[2018-10-12 10:49:53]采集成功-站点[临颍]天气预报！
[2018-10-12 10:49:59]采集成功-站点[南阳]天气预报！
[2018-10-12 10:50:04]采集成功-站点[西峡]天气预报！
[2018-10-12 10:50:13]采集成功-站点[内乡]天气预报！
[2018-10-12 10:50:19]采集成功-站点[镇平]天气预报！
[2018-10-12 10:50:25]采集成功-站点[南召]天气预报！
[2018-10-12 10:50:30]采集成功-站点[方城]天气预报！
[2018-10-12 10:50:36]采集成功-站点[淅川]天气预报！
[2018-10-12 10:50:41]采集成功-站点[新野]天气预报！
[2018-10-12 10:50:47]采集成功-站点[唐河]天气预报！
[2018-10-12 10:50:52]采集成功-站点[桐柏]天气预报！
[2018-10-12 10:50:58]采集成功-站点[社旗]天气预报！
[2018-10-12 10:51:03]采集成功-站点[三门峡]天气预报！
[2018-10-12 10:51:08]采集成功-站点[灵宝]天气预报！
[2018-10-12 10:51:17]采集成功-站点[渑池]天气预报！
[2018-10-12 10:51:22]采集成功-站点[卢氏]天气预报！
[2018-10-12 10:51:28]采集成功-站点[周口]天气预报！
[2018-10-12 10:51:33]采集成功-站点[项城]天气预报！
[2018-10-12 10:51:39]采集成功-站点[商水]天气预报！
[2018-10-12 10:51:44]采集成功-站点[扶沟]天气预报！
[2018-10-12 10:51:50]采集成功-站点[太康]天气预报！
[2018-10-12 10:51:55]采集成功-站点[淮阳]天气预报！
[2018-10-12 10:52:00]采集成功-站点[西华]天气预报！
[2018-10-12 10:52:07]采集失败-站点[泛区]天气预报！
[2018-10-12 10:52:12]采集成功-站点[郸城]天气预报！
[2018-10-12 10:52:18]采集成功-站点[沈丘]天气预报！
[2018-10-12 10:52:23]采集成功-站点[安阳]天气预报！
[2018-10-12 10:52:29]采集成功-站点[汤阴]天气预报！
[2018-10-12 10:52:38]采集成功-站点[内黄]天气预报！
[2018-10-12 10:52:47]采集成功-站点[林州]天气预报！
[2018-10-12 10:52:53]采集成功-站点[济源]天气预报！
[2018-10-12 10:52:58]采集成功-站点[焦作]天气预报！
[2018-10-12 10:53:03]采集成功-站点[博爱]天气预报！
[2018-10-12 10:53:09]采集成功-站点[修武]天气预报！
[2018-10-12 10:53:14]采集成功-站点[武陟]天气预报！
[2018-10-12 10:53:19]采集成功-站点[温县]天气预报！
[2018-10-12 10:53:27]采集成功-站点[孟州]天气预报！
[2018-10-12 10:53:34]采集成功-站点[沁阳]天气预报！
[2018-10-12 10:53:39]采集成功-站点[鹤壁]天气预报！
[2018-10-12 10:53:44]采集成功-站点[淇县]天气预报！
[2018-10-12 10:53:50]采集成功-站点[浚县]天气预报！
[2018-10-12 10:53:55]采集成功-站点[新乡]天气预报！
[2018-10-12 10:54:01]采集成功-站点[封丘]天气预报！
[2018-10-12 10:54:06]采集成功-站点[辉县]天气预报！
[2018-10-12 10:54:12]采集成功-站点[获嘉]天气预报！
[2018-10-12 10:54:18]采集成功-站点[原阳]天气预报！
[2018-10-12 10:54:29]采集成功-站点[卫辉]天气预报！
[2018-10-12 10:54:34]采集成功-站点[延津]天气预报！
[2018-10-12 10:54:39]采集成功-站点[濮阳]天气预报！
[2018-10-12 10:54:45]采集成功-站点[南乐]天气预报！
[2018-10-12 10:54:51]采集成功-站点[清丰]天气预报！
[2018-10-12 10:54:56]采集成功-站点[范县]天气预报！
[2018-10-12 10:55:01]采集成功-站点[台前]天气预报！
[2018-10-12 10:55:07]采集成功-站点[驻马店]天气预报！
[2018-10-12 10:55:34]采集成功-站点[平舆]天气预报！
[2018-10-12 10:55:39]采集成功-站点[确山]天气预报！
[2018-10-12 10:55:44]采集成功-站点[正阳]天气预报！
[2018-10-12 10:55:50]采集成功-站点[上蔡]天气预报！
[2018-10-12 10:55:56]采集成功-站点[泌阳]天气预报！
[2018-10-12 10:56:01]采集成功-站点[西平]天气预报！
[2018-10-12 10:56:06]采集成功-站点[遂平]天气预报！
[2018-10-12 10:56:12]采集成功-站点[汝南]天气预报！
[2018-10-12 10:56:18]采集成功-站点[信阳]天气预报！
[2018-10-12 10:56:23]采集成功-站点[罗山]天气预报！
[2018-10-12 10:56:29]采集成功-站点[光山]天气预报！
[2018-10-12 10:56:34]采集成功-站点[新县]天气预报！
[2018-10-12 10:56:39]采集成功-站点[息县]天气预报！
[2018-10-12 10:56:45]采集成功-站点[淮滨]天气预报！
[2018-10-12 10:56:50]采集成功-站点[潢川]天气预报！
[2018-10-12 10:56:55]采集成功-站点[商城]天气预报！
[2018-10-12 10:57:01]采集成功-站点[巩义]天气预报！
[2018-10-12 10:57:06]采集成功-站点[兰考]天气预报！
[2018-10-12 10:57:12]采集成功-站点[汝州]天气预报！
[2018-10-12 10:57:17]采集成功-站点[滑县]天气预报！
[2018-10-12 10:57:22]采集成功-站点[长垣]天气预报！
[2018-10-12 10:57:28]采集成功-站点[邓州]天气预报！
[2018-10-12 10:57:34]采集成功-站点[永城]天气预报！
[2018-10-12 10:57:39]采集成功-站点[固始]天气预报！
[2018-10-12 10:57:47]采集成功-站点[鹿邑]天气预报！
[2018-10-12 10:57:53]采集成功-站点[新蔡]天气预报！
