[2018-08-02 23:41:56]机耕预报文件不存在！
[2018-08-02 23:41:56]机耕预报文件不存在！
[2018-08-02 23:41:56]机耕预报文件不存在！
[2018-08-02 23:41:56]机播预报文件不存在！
[2018-08-02 23:41:56]机播预报文件不存在！
[2018-08-02 23:41:56]机播预报文件不存在！
[2018-08-02 23:41:56]机收预报文件不存在！
[2018-08-02 23:41:56]机收预报文件不存在！
[2018-08-02 23:41:56]机收预报文件不存在！
[2018-08-02 23:41:56]小麦播种预报文件不存在！
[2018-08-02 23:41:56]小麦播种预报文件不存在！
[2018-08-02 23:41:56]小麦播种预报文件不存在！
[2018-08-02 23:41:56]小麦收获预报文件不存在！
[2018-08-02 23:41:56]小麦收获预报文件不存在！
[2018-08-02 23:41:56]小麦收获预报文件不存在！
[2018-08-02 23:41:56]玉米播种预报文件不存在！
[2018-08-02 23:41:56]玉米播种预报文件不存在！
[2018-08-02 23:41:56]玉米播种预报文件不存在！
[2018-08-02 23:41:56]玉米收获预报文件不存在！
[2018-08-02 23:41:56]玉米收获预报文件不存在！
[2018-08-02 23:41:56]玉米收获预报文件不存在！
[2018-08-02 23:41:56]晾晒预报文件不存在！
[2018-08-02 23:41:56]晾晒预报文件不存在！
[2018-08-02 23:41:56]晾晒预报文件不存在！
[2018-08-02 23:41:56]储藏预报文件不存在！
[2018-08-02 23:41:56]储藏预报文件不存在！
[2018-08-02 23:41:56]储藏预报文件不存在！
[2018-08-02 23:42:48]机耕预报文件不存在！
[2018-08-02 23:42:48]机耕预报文件不存在！
[2018-08-02 23:42:48]机耕预报文件不存在！
[2018-08-02 23:42:48]机播预报文件不存在！
[2018-08-02 23:42:48]机播预报文件不存在！
[2018-08-02 23:42:48]机播预报文件不存在！
[2018-08-02 23:42:48]机收预报文件不存在！
[2018-08-02 23:42:48]机收预报文件不存在！
[2018-08-02 23:42:48]机收预报文件不存在！
[2018-08-02 23:42:48]小麦播种预报文件不存在！
[2018-08-02 23:42:48]小麦播种预报文件不存在！
[2018-08-02 23:42:48]小麦播种预报文件不存在！
[2018-08-02 23:42:48]小麦收获预报文件不存在！
[2018-08-02 23:42:48]小麦收获预报文件不存在！
[2018-08-02 23:42:48]小麦收获预报文件不存在！
[2018-08-02 23:42:48]玉米播种预报文件不存在！
[2018-08-02 23:42:48]玉米播种预报文件不存在！
[2018-08-02 23:42:48]玉米播种预报文件不存在！
[2018-08-02 23:42:48]玉米收获预报文件不存在！
[2018-08-02 23:42:48]玉米收获预报文件不存在！
[2018-08-02 23:42:48]玉米收获预报文件不存在！
[2018-08-02 23:42:48]晾晒预报文件不存在！
[2018-08-02 23:42:48]晾晒预报文件不存在！
[2018-08-02 23:42:48]晾晒预报文件不存在！
[2018-08-02 23:42:48]储藏预报文件不存在！
[2018-08-02 23:42:48]储藏预报文件不存在！
[2018-08-02 23:42:48]储藏预报文件不存在！
[2018-08-02 23:44:54]机耕预报文件不存在！E:/项目数据资料目录/河南农业/AgmForest/AgmWeather/JG_000000_20180801_0000.grd
[2018-08-02 23:44:54]机耕预报文件不存在！E:/项目数据资料目录/河南农业/AgmForest/AgmWeather/JG_000000_20180802_0000.grd
[2018-08-02 23:44:54]机耕预报文件不存在！E:/项目数据资料目录/河南农业/AgmForest/AgmWeather/JG_000000_20180803_0000.grd
[2018-08-02 23:44:54]机播预报文件不存在！E:/项目数据资料目录/河南农业/AgmForest/AgmWeather/JB_000000_20180801_0000.grd
[2018-08-02 23:44:54]机播预报文件不存在！E:/项目数据资料目录/河南农业/AgmForest/AgmWeather/JB_000000_20180802_0000.grd
[2018-08-02 23:44:54]机播预报文件不存在！E:/项目数据资料目录/河南农业/AgmForest/AgmWeather/JB_000000_20180803_0000.grd
[2018-08-02 23:44:54]机收预报文件不存在！E:/项目数据资料目录/河南农业/AgmForest/AgmWeather/JS_000000_20180801_0000.grd
[2018-08-02 23:44:54]机收预报文件不存在！E:/项目数据资料目录/河南农业/AgmForest/AgmWeather/JS_000000_20180802_0000.grd
[2018-08-02 23:44:54]机收预报文件不存在！E:/项目数据资料目录/河南农业/AgmForest/AgmWeather/JS_000000_20180803_0000.grd
[2018-08-02 23:44:54]小麦播种预报文件不存在！E:/项目数据资料目录/河南农业/AgmForest/AgmWeather/MB_000000_20180801_0000.grd
[2018-08-02 23:44:54]小麦播种预报文件不存在！E:/项目数据资料目录/河南农业/AgmForest/AgmWeather/MB_000000_20180802_0000.grd
[2018-08-02 23:44:54]小麦播种预报文件不存在！E:/项目数据资料目录/河南农业/AgmForest/AgmWeather/MB_000000_20180803_0000.grd
[2018-08-02 23:44:54]小麦收获预报文件不存在！E:/项目数据资料目录/河南农业/AgmForest/AgmWeather/MS_000000_20180801_0000.grd
[2018-08-02 23:44:54]小麦收获预报文件不存在！E:/项目数据资料目录/河南农业/AgmForest/AgmWeather/MS_000000_20180802_0000.grd
[2018-08-02 23:44:54]小麦收获预报文件不存在！E:/项目数据资料目录/河南农业/AgmForest/AgmWeather/MS_000000_20180803_0000.grd
[2018-08-02 23:44:54]玉米播种预报文件不存在！E:/项目数据资料目录/河南农业/AgmForest/AgmWeather/YB_000000_20180801_0000.grd
[2018-08-02 23:44:54]玉米播种预报文件不存在！E:/项目数据资料目录/河南农业/AgmForest/AgmWeather/YB_000000_20180802_0000.grd
[2018-08-02 23:44:54]玉米播种预报文件不存在！E:/项目数据资料目录/河南农业/AgmForest/AgmWeather/YB_000000_20180803_0000.grd
[2018-08-02 23:44:54]玉米收获预报文件不存在！E:/项目数据资料目录/河南农业/AgmForest/AgmWeather/YS_000000_20180801_0000.grd
[2018-08-02 23:44:54]玉米收获预报文件不存在！E:/项目数据资料目录/河南农业/AgmForest/AgmWeather/YS_000000_20180802_0000.grd
[2018-08-02 23:44:54]玉米收获预报文件不存在！E:/项目数据资料目录/河南农业/AgmForest/AgmWeather/YS_000000_20180803_0000.grd
[2018-08-02 23:44:54]晾晒预报文件不存在！E:/项目数据资料目录/河南农业/AgmForest/AgmWeather/LS_000000_20180801_0000.grd
[2018-08-02 23:44:54]晾晒预报文件不存在！E:/项目数据资料目录/河南农业/AgmForest/AgmWeather/LS_000000_20180802_0000.grd
[2018-08-02 23:44:54]晾晒预报文件不存在！E:/项目数据资料目录/河南农业/AgmForest/AgmWeather/LS_000000_20180803_0000.grd
[2018-08-02 23:44:54]储藏预报文件不存在！E:/项目数据资料目录/河南农业/AgmForest/AgmWeather/CC_000000_20180801_0000.grd
[2018-08-02 23:44:54]储藏预报文件不存在！E:/项目数据资料目录/河南农业/AgmForest/AgmWeather/CC_000000_20180802_0000.grd
[2018-08-02 23:44:54]储藏预报文件不存在！E:/项目数据资料目录/河南农业/AgmForest/AgmWeather/CC_000000_20180803_0000.grd
