[2018-08-29 08:51:15]采集成功-站点[郑州]天气预报！
[2018-08-29 08:51:16]采集成功-站点[荥阳]天气预报！
[2018-08-29 08:51:16]采集成功-站点[登封]天气预报！
[2018-08-29 08:51:17]采集成功-站点[新密]天气预报！
[2018-08-29 08:51:17]采集成功-站点[新郑]天气预报！
[2018-08-29 08:51:17]采集成功-站点[中牟]天气预报！
[2018-08-29 08:51:18]采集成功-站点[洛阳]天气预报！
[2018-08-29 08:51:18]采集成功-站点[新安]天气预报！
[2018-08-29 08:51:19]采集成功-站点[孟津]天气预报！
[2018-08-29 08:51:19]采集成功-站点[伊川]天气预报！
[2018-08-29 08:51:20]采集成功-站点[偃师]天气预报！
[2018-08-29 08:51:20]采集成功-站点[栾川]天气预报！
[2018-08-29 08:51:20]采集成功-站点[汝阳]天气预报！
[2018-08-29 08:51:21]采集成功-站点[洛宁]天气预报！
[2018-08-29 08:51:21]采集成功-站点[嵩县]天气预报！
[2018-08-29 08:51:22]采集成功-站点[宜阳]天气预报！
[2018-08-29 08:51:22]采集成功-站点[开封]天气预报！
[2018-08-29 08:51:22]采集成功-站点[尉氏]天气预报！
[2018-08-29 08:51:23]采集成功-站点[杞县]天气预报！
[2018-08-29 08:51:23]采集成功-站点[通许]天气预报！
[2018-08-29 08:51:23]采集成功-站点[商丘]天气预报！
[2018-08-29 08:51:24]采集成功-站点[虞城]天气预报！
[2018-08-29 08:51:24]采集成功-站点[柘城]天气预报！
[2018-08-29 08:51:25]采集成功-站点[宁陵]天气预报！
[2018-08-29 08:51:25]采集成功-站点[夏邑]天气预报！
[2018-08-29 08:51:25]采集成功-站点[睢县]天气预报！
[2018-08-29 08:51:26]采集成功-站点[民权]天气预报！
[2018-08-29 08:51:26]采集成功-站点[平顶山]天气预报！
[2018-08-29 08:51:27]采集成功-站点[郏县]天气预报！
[2018-08-29 08:51:27]采集成功-站点[宝丰]天气预报！
[2018-08-29 08:51:28]采集成功-站点[鲁山]天气预报！
[2018-08-29 08:51:28]采集成功-站点[叶县]天气预报！
[2018-08-29 08:51:28]采集成功-站点[舞钢]天气预报！
[2018-08-29 08:51:29]采集成功-站点[许昌]天气预报！
[2018-08-29 08:51:29]采集成功-站点[长葛]天气预报！
[2018-08-29 08:51:29]采集成功-站点[禹州]天气预报！
[2018-08-29 08:51:30]采集成功-站点[鄢陵]天气预报！
[2018-08-29 08:51:30]采集成功-站点[襄城]天气预报！
[2018-08-29 08:51:30]采集成功-站点[漯河]天气预报！
[2018-08-29 08:51:31]采集成功-站点[舞阳]天气预报！
[2018-08-29 08:51:31]采集成功-站点[临颍]天气预报！
[2018-08-29 08:51:32]采集成功-站点[南阳]天气预报！
[2018-08-29 08:51:32]采集成功-站点[西峡]天气预报！
[2018-08-29 08:51:32]采集成功-站点[内乡]天气预报！
[2018-08-29 08:51:33]采集成功-站点[镇平]天气预报！
[2018-08-29 08:51:33]采集成功-站点[南召]天气预报！
[2018-08-29 08:51:34]采集成功-站点[方城]天气预报！
[2018-08-29 08:51:37]采集成功-站点[淅川]天气预报！
[2018-08-29 08:51:39]采集成功-站点[新野]天气预报！
[2018-08-29 08:51:39]采集成功-站点[唐河]天气预报！
[2018-08-29 08:51:39]采集成功-站点[桐柏]天气预报！
[2018-08-29 08:51:40]采集成功-站点[社旗]天气预报！
[2018-08-29 08:51:40]采集成功-站点[三门峡]天气预报！
[2018-08-29 08:51:40]采集成功-站点[灵宝]天气预报！
[2018-08-29 08:51:41]采集成功-站点[渑池]天气预报！
[2018-08-29 08:51:42]采集成功-站点[卢氏]天气预报！
[2018-08-29 08:51:42]采集成功-站点[周口]天气预报！
[2018-08-29 08:51:42]采集成功-站点[项城]天气预报！
[2018-08-29 08:51:42]采集成功-站点[商水]天气预报！
[2018-08-29 08:51:43]采集成功-站点[扶沟]天气预报！
[2018-08-29 08:51:43]采集成功-站点[太康]天气预报！
[2018-08-29 08:51:43]采集成功-站点[淮阳]天气预报！
[2018-08-29 08:51:44]采集成功-站点[西华]天气预报！
[2018-08-29 08:51:44]采集失败-站点[泛区]天气预报！
[2018-08-29 08:51:45]采集成功-站点[郸城]天气预报！
[2018-08-29 08:51:45]采集成功-站点[沈丘]天气预报！
[2018-08-29 08:51:46]采集成功-站点[安阳]天气预报！
[2018-08-29 08:51:46]采集成功-站点[汤阴]天气预报！
[2018-08-29 08:51:46]采集成功-站点[内黄]天气预报！
[2018-08-29 08:51:47]采集成功-站点[林州]天气预报！
[2018-08-29 08:51:47]采集成功-站点[济源]天气预报！
[2018-08-29 08:51:47]采集成功-站点[焦作]天气预报！
[2018-08-29 08:51:48]采集成功-站点[博爱]天气预报！
[2018-08-29 08:51:48]采集成功-站点[修武]天气预报！
[2018-08-29 08:51:49]采集成功-站点[武陟]天气预报！
[2018-08-29 08:51:49]采集成功-站点[温县]天气预报！
[2018-08-29 08:51:50]采集成功-站点[孟州]天气预报！
[2018-08-29 08:51:50]采集成功-站点[沁阳]天气预报！
[2018-08-29 08:51:50]采集成功-站点[鹤壁]天气预报！
[2018-08-29 08:51:51]采集成功-站点[淇县]天气预报！
[2018-08-29 08:51:51]采集成功-站点[浚县]天气预报！
[2018-08-29 08:51:52]采集成功-站点[新乡]天气预报！
[2018-08-29 08:51:52]采集成功-站点[封丘]天气预报！
[2018-08-29 08:51:53]采集成功-站点[辉县]天气预报！
[2018-08-29 08:51:53]采集成功-站点[获嘉]天气预报！
[2018-08-29 08:51:54]采集成功-站点[原阳]天气预报！
[2018-08-29 08:51:54]采集成功-站点[卫辉]天气预报！
[2018-08-29 08:51:54]采集成功-站点[延津]天气预报！
[2018-08-29 08:51:55]采集成功-站点[濮阳]天气预报！
[2018-08-29 08:51:56]采集成功-站点[南乐]天气预报！
[2018-08-29 08:51:56]采集成功-站点[清丰]天气预报！
[2018-08-29 08:51:57]采集成功-站点[范县]天气预报！
[2018-08-29 08:51:57]采集成功-站点[台前]天气预报！
[2018-08-29 08:51:58]采集成功-站点[驻马店]天气预报！
[2018-08-29 08:51:58]采集成功-站点[平舆]天气预报！
[2018-08-29 08:51:58]采集成功-站点[确山]天气预报！
[2018-08-29 08:51:59]采集成功-站点[正阳]天气预报！
[2018-08-29 08:51:59]采集成功-站点[上蔡]天气预报！
[2018-08-29 08:51:59]采集成功-站点[泌阳]天气预报！
[2018-08-29 08:52:00]采集成功-站点[西平]天气预报！
[2018-08-29 08:52:00]采集成功-站点[遂平]天气预报！
[2018-08-29 08:52:01]采集成功-站点[汝南]天气预报！
[2018-08-29 08:52:01]采集成功-站点[信阳]天气预报！
[2018-08-29 08:52:01]采集成功-站点[罗山]天气预报！
[2018-08-29 08:52:02]采集成功-站点[光山]天气预报！
[2018-08-29 08:52:02]采集成功-站点[新县]天气预报！
[2018-08-29 08:52:03]采集成功-站点[息县]天气预报！
[2018-08-29 08:52:03]采集成功-站点[淮滨]天气预报！
[2018-08-29 08:52:04]采集成功-站点[潢川]天气预报！
[2018-08-29 08:52:05]采集成功-站点[商城]天气预报！
[2018-08-29 08:52:05]采集成功-站点[巩义]天气预报！
[2018-08-29 08:52:06]采集成功-站点[兰考]天气预报！
[2018-08-29 08:52:06]采集成功-站点[汝州]天气预报！
[2018-08-29 08:52:06]采集成功-站点[滑县]天气预报！
[2018-08-29 08:52:07]采集成功-站点[长垣]天气预报！
[2018-08-29 08:52:07]采集成功-站点[邓州]天气预报！
[2018-08-29 08:52:08]采集成功-站点[永城]天气预报！
[2018-08-29 08:52:08]采集成功-站点[固始]天气预报！
[2018-08-29 08:52:08]采集成功-站点[鹿邑]天气预报！
[2018-08-29 08:52:09]采集成功-站点[新蔡]天气预报！
